Using pre-set license
Built from '2020.3/staging' branch; Version is '2020.3.25f1 (9b9180224418) revision 10195328'; Using compiler version '192528614'; Build Type 'Release'
OS: 'Windows 10  (10.0.19043) 64bit Professional' Language: 'zh' Physical Memory: 16217 MB
BatchMode: 1, IsHumanControllingUs: 0, StartBugReporterOnCrash: 0, Is64bit: 1, IsPro: 0

COMMAND LINE ARGUMENTS:
C:\Program Files\Unity\Hub\Editor\2020.3.25f1\Editor\Unity.exe
-adb2
-batchMode
-noUpm
-name
AssetImportWorker0
-projectPath
C:/Users/user/Documents/GitHub/1/web_game_01
-logFile
Logs/AssetImportWorker0.log
-srvPort
2358
Successfully changed project path to: C:/Users/user/Documents/GitHub/1/web_game_01
C:/Users/user/Documents/GitHub/1/web_game_01
Using Asset Import Pipeline V2.
Refreshing native plugins compatible for Editor in 38.66 ms, found 3 plugins.
Preloading 0 native plugins for Editor in 0.00 ms.
Initialize engine version: 2020.3.25f1 (9b9180224418)
[Subsystems] Discovering subsystems at path C:/Program Files/Unity/Hub/Editor/2020.3.25f1/Editor/Data/Resources/UnitySubsystems
[Subsystems] Discovering subsystems at path C:/Users/user/Documents/GitHub/1/web_game_01/Assets
GfxDevice: creating device client; threaded=0
Direct3D:
    Version:  Direct3D 11.0 [level 11.1]
    Renderer: NVIDIA GeForce GTX 1650 SUPER (ID=0x2187)
    Vendor:   
    VRAM:     3955 MB
    Driver:   27.21.14.5671
Initialize mono
Mono path[0] = 'C:/Program Files/Unity/Hub/Editor/2020.3.25f1/Editor/Data/Managed'
Mono path[1] = 'C:/Program Files/Unity/Hub/Editor/2020.3.25f1/Editor/Data/MonoBleedingEdge/lib/mono/unityjit'
Mono config path = 'C:/Program Files/Unity/Hub/Editor/2020.3.25f1/Editor/Data/MonoBleedingEdge/etc'
Using monoOptions --debugger-agent=transport=dt_socket,embedding=1,server=y,suspend=n,address=127.0.0.1:56256
Begin MonoManager ReloadAssembly
Registering precompiled unity dll's ...
Register platform support module: C:/Program Files/Unity/Hub/Editor/2020.3.25f1/Editor/Data/PlaybackEngines/WebGLSupport/UnityEditor.WebGL.Extensions.dll
Register platform support module: C:/Program Files/Unity/Hub/Editor/2020.3.25f1/Editor/Data/PlaybackEngines/WindowsStandaloneSupport/UnityEditor.WindowsStandalone.Extensions.dll
Registered in 0.004208 seconds.
Native extension for WindowsStandalone target not found
Native extension for WebGL target not found
Refreshing native plugins compatible for Editor in 36.76 ms, found 3 plugins.
Preloading 0 native plugins for Editor in 0.00 ms.
Mono: successfully reloaded assembly
- Completed reload, in  0.515 seconds
Domain Reload Profiling:
	ReloadAssembly (516ms)
		BeginReloadAssembly (60ms)
			ExecutionOrderSort (0ms)
			DisableScriptedObjects (0ms)
			BackupInstance (0ms)
			ReleaseScriptingObjects (0ms)
			CreateAndSetChildDomain (1ms)
		EndReloadAssembly (383ms)
			LoadAssemblies (57ms)
			RebuildTransferFunctionScriptingTraits (0ms)
			SetupTypeCache (124ms)
			ReleaseScriptCaches (0ms)
			RebuildScriptCaches (26ms)
			SetupLoadedEditorAssemblies (141ms)
				LogAssemblyErrors (0ms)
				InitializePlatformSupportModulesInManaged (5ms)
				SetLoadedEditorAssemblies (0ms)
				RefreshPlugins (37ms)
				BeforeProcessingInitializeOnLoad (7ms)
				ProcessInitializeOnLoadAttributes (68ms)
				ProcessInitializeOnLoadMethodAttributes (24ms)
				AfterProcessingInitializeOnLoad (0ms)
				EditorAssembliesLoaded (0ms)
			ExecutionOrderSort2 (0ms)
			AwakeInstancesAfterBackupRestoration (0ms)
Platform modules already initialized, skipping
Registering precompiled user dll's ...
Registered in 0.005854 seconds.
Begin MonoManager ReloadAssembly
Native extension for WindowsStandalone target not found
Native extension for WebGL target not found
Refreshing native plugins compatible for Editor in 35.88 ms, found 3 plugins.
Preloading 0 native plugins for Editor in 0.00 ms.
Mono: successfully reloaded assembly
- Completed reload, in  0.978 seconds
Domain Reload Profiling:
	ReloadAssembly (979ms)
		BeginReloadAssembly (133ms)
			ExecutionOrderSort (0ms)
			DisableScriptedObjects (4ms)
			BackupInstance (0ms)
			ReleaseScriptingObjects (0ms)
			CreateAndSetChildDomain (14ms)
		EndReloadAssembly (783ms)
			LoadAssemblies (97ms)
			RebuildTransferFunctionScriptingTraits (0ms)
			SetupTypeCache (259ms)
			ReleaseScriptCaches (0ms)
			RebuildScriptCaches (38ms)
			SetupLoadedEditorAssemblies (296ms)
				LogAssemblyErrors (0ms)
				InitializePlatformSupportModulesInManaged (4ms)
				SetLoadedEditorAssemblies (0ms)
				RefreshPlugins (36ms)
				BeforeProcessingInitializeOnLoad (76ms)
				ProcessInitializeOnLoadAttributes (155ms)
				ProcessInitializeOnLoadMethodAttributes (13ms)
				AfterProcessingInitializeOnLoad (12ms)
				EditorAssembliesLoaded (0ms)
			ExecutionOrderSort2 (0ms)
			AwakeInstancesAfterBackupRestoration (5ms)
Platform modules already initialized, skipping
========================================================================
Worker process is ready to serve import requests
Launched and connected shader compiler UnityShaderCompiler.exe after 0.03 seconds
Refreshing native plugins compatible for Editor in 0.45 ms, found 3 plugins.
Preloading 0 native plugins for Editor in 0.00 ms.
Unloading 2194 Unused Serialized files (Serialized files now loaded: 0)
System memory in use before: 95.8 MB.
System memory in use after: 95.9 MB.

Unloading 28 unused Assets to reduce memory usage. Loaded Objects now: 2627.
Total: 2.392400 ms (FindLiveObjects: 0.143100 ms CreateObjectMapping: 0.070900 ms MarkObjects: 2.130300 ms  DeleteObjects: 0.047400 ms)

AssetImportParameters requested are different than current active one (requested -> active):
  custom:framework-win-MediaFoundation: 216162199b28c13a410421893ffa2e32 -> 
  custom:video-decoder-ogg-theora: a1e56fd34408186e4bbccfd4996cb3dc -> 
  custom:container-muxer-webm: aa71ff27fc2769a1b78a27578f13a17b -> 
  custom:container-demuxer-webm: 4f35f7cbe854078d1ac9338744f61a02 -> 
  custom:container-demuxer-ogg: 62fdf1f143b41e24485cea50d1cbac27 -> 
  custom:video-encoder-webm-vp8: eb34c28f22e8b96e1ab97ce403110664 -> 
  custom:video-decoder-webm-vp8: 9c59270c3fd7afecdb556c50c9e8de78 -> 
  custom:audio-decoder-ogg-vorbis: bf7c407c2cedff20999df2af8eb42d56 -> 
  custom:audio-encoder-webm-vorbis: bf7c407c2cedff20999df2af8eb42d56 -> 
========================================================================
Received Import Request.
  path: Assets/sprites/particles/dust_particles_01.png
  artifactKey: Guid(052d59c33a50fa84485a1527cc3dbd57) Importer(815301076,1909f56bfc062723c751e8b465ee728b)
Start importing Assets/sprites/particles/dust_particles_01.png using Guid(052d59c33a50fa84485a1527cc3dbd57) Importer(815301076,1909f56bfc062723c751e8b465ee728b)  -> (artifact id: 'f824a2e25d32e38c7e43015a594c14fc') in 0.119876 seconds 
  Import took 0.122423 seconds .

========================================================================
Received Import Request.
  Time since last request: 62.924386 seconds.
  path: Assets/sprites
  artifactKey: Guid(ab2bc24fd4bd66c4b809a6bf09a66178) Importer(815301076,1909f56bfc062723c751e8b465ee728b)
Start importing Assets/sprites using Guid(ab2bc24fd4bd66c4b809a6bf09a66178) Importer(815301076,1909f56bfc062723c751e8b465ee728b)  -> (artifact id: 'b075ec4e307b487b9be344a80077560b') in 0.001604 seconds 
  Import took 0.004984 seconds .

========================================================================
Received Import Request.
  Time since last request: 981.913281 seconds.
  path: Assets/tilesets/plains.png
  artifactKey: Guid(6edaed1ede74bf74b91ae81ab6f133d5) Importer(815301076,1909f56bfc062723c751e8b465ee728b)
Start importing Assets/tilesets/plains.png using Guid(6edaed1ede74bf74b91ae81ab6f133d5) Importer(815301076,1909f56bfc062723c751e8b465ee728b)  -> (artifact id: '75c05f3bb600cf63c5050e9889036899') in 0.018767 seconds 
  Import took 0.021513 seconds .

========================================================================
Received Import Request.
  Time since last request: 0.515267 seconds.
  path: Assets/tilesets/grass.png
  artifactKey: Guid(e3fd0649715e4ae41af8c1650c416781) Importer(815301076,1909f56bfc062723c751e8b465ee728b)
Start importing Assets/tilesets/grass.png using Guid(e3fd0649715e4ae41af8c1650c416781) Importer(815301076,1909f56bfc062723c751e8b465ee728b)  -> (artifact id: 'c469b605b7cb473231c27fc91f5ae68f') in 0.011217 seconds 
  Import took 0.014192 seconds .

========================================================================
Received Import Request.
  Time since last request: 0.641870 seconds.
  path: Assets/tilesets/fences.png
  artifactKey: Guid(493be71cab6228e47a39413d2a07fb50) Importer(815301076,1909f56bfc062723c751e8b465ee728b)
Start importing Assets/tilesets/fences.png using Guid(493be71cab6228e47a39413d2a07fb50) Importer(815301076,1909f56bfc062723c751e8b465ee728b)  -> (artifact id: '4dc34fb16d9535b2da35009ef7c49c2b') in 0.008603 seconds 
  Import took 0.011330 seconds .

========================================================================
Received Import Request.
  Time since last request: 31.712466 seconds.
  path: Assets/tilesets/grass.png
  artifactKey: Guid(e3fd0649715e4ae41af8c1650c416781) Importer(815301076,1909f56bfc062723c751e8b465ee728b)
Start importing Assets/tilesets/grass.png using Guid(e3fd0649715e4ae41af8c1650c416781) Importer(815301076,1909f56bfc062723c751e8b465ee728b)  -> (artifact id: '0537273b7e8a67dcd72abcbfa48ac00d') in 0.005261 seconds 
  Import took 0.007905 seconds .

========================================================================
Received Import Request.
  Time since last request: 57.335484 seconds.
  path: Assets/tilesets/grass.png
  artifactKey: Guid(e3fd0649715e4ae41af8c1650c416781) Importer(815301076,1909f56bfc062723c751e8b465ee728b)
Start importing Assets/tilesets/grass.png using Guid(e3fd0649715e4ae41af8c1650c416781) Importer(815301076,1909f56bfc062723c751e8b465ee728b)  -> (artifact id: 'eb81d69e52209f0673007a30e3642d17') in 0.007215 seconds 
  Import took 0.009871 seconds .

========================================================================
Received Import Request.
  Time since last request: 230.433595 seconds.
  path: Assets/tilesets/grass.png
  artifactKey: Guid(e3fd0649715e4ae41af8c1650c416781) Importer(815301076,1909f56bfc062723c751e8b465ee728b)
Start importing Assets/tilesets/grass.png using Guid(e3fd0649715e4ae41af8c1650c416781) Importer(815301076,1909f56bfc062723c751e8b465ee728b)  -> (artifact id: '997869b46def984d42955f98ea67718f') in 0.013232 seconds 
  Import took 0.015862 seconds .

========================================================================
Received Import Request.
  Time since last request: 9.542649 seconds.
  path: Assets/tilesets/plains.png
  artifactKey: Guid(6edaed1ede74bf74b91ae81ab6f133d5) Importer(815301076,1909f56bfc062723c751e8b465ee728b)
Start importing Assets/tilesets/plains.png using Guid(6edaed1ede74bf74b91ae81ab6f133d5) Importer(815301076,1909f56bfc062723c751e8b465ee728b)  -> (artifact id: 'a80b74dc332c309d3b0c1f6f621832b9') in 0.005534 seconds 
  Import took 0.008113 seconds .

========================================================================
Received Import Request.
  Time since last request: 52.462958 seconds.
  path: Assets/tilesets/plains.png
  artifactKey: Guid(6edaed1ede74bf74b91ae81ab6f133d5) Importer(815301076,1909f56bfc062723c751e8b465ee728b)
Start importing Assets/tilesets/plains.png using Guid(6edaed1ede74bf74b91ae81ab6f133d5) Importer(815301076,1909f56bfc062723c751e8b465ee728b)  -> (artifact id: 'b1fe77a28a1dff273a4c4d52659e5cf3') in 0.096588 seconds 
  Import took 0.099370 seconds .

========================================================================
Received Import Request.
  Time since last request: 84.023310 seconds.
  path: Assets/tilesets/decor_8x8.png
  artifactKey: Guid(b69c0c350d4a39043bfb8d97f04e02c5) Importer(815301076,1909f56bfc062723c751e8b465ee728b)
Start importing Assets/tilesets/decor_8x8.png using Guid(b69c0c350d4a39043bfb8d97f04e02c5) Importer(815301076,1909f56bfc062723c751e8b465ee728b)  -> (artifact id: '4da43e402af3321e7d172778c417d758') in 0.015433 seconds 
  Import took 0.018325 seconds .

========================================================================
Received Import Request.
  Time since last request: 3.046017 seconds.
  path: Assets/tilesets/decor_16x16.png
  artifactKey: Guid(875dd3181cac0a64e9f0c7b88423f0db) Importer(815301076,1909f56bfc062723c751e8b465ee728b)
Start importing Assets/tilesets/decor_16x16.png using Guid(875dd3181cac0a64e9f0c7b88423f0db) Importer(815301076,1909f56bfc062723c751e8b465ee728b)  -> (artifact id: '0c8109a85eb36deb27b1529c3e8dafd0') in 0.009622 seconds 
  Import took 0.012615 seconds .

========================================================================
Received Import Request.
  Time since last request: 19.675547 seconds.
  path: Assets/tilesets/water_decorations.png
  artifactKey: Guid(0f87e68d87a997f46af92defe68291a9) Importer(815301076,1909f56bfc062723c751e8b465ee728b)
Start importing Assets/tilesets/water_decorations.png using Guid(0f87e68d87a997f46af92defe68291a9) Importer(815301076,1909f56bfc062723c751e8b465ee728b)  -> (artifact id: 'bc8ce0c96d2c89566934c2ce4d7335e0') in 0.009335 seconds 
  Import took 0.012198 seconds .

========================================================================
Received Import Request.
  Time since last request: 17.597102 seconds.
  path: Assets/tilesets/plains.png
  artifactKey: Guid(6edaed1ede74bf74b91ae81ab6f133d5) Importer(815301076,1909f56bfc062723c751e8b465ee728b)
Start importing Assets/tilesets/plains.png using Guid(6edaed1ede74bf74b91ae81ab6f133d5) Importer(815301076,1909f56bfc062723c751e8b465ee728b)  -> (artifact id: '29e73671b55897b36ae32497670a128f') in 0.093355 seconds 
  Import took 0.096100 seconds .

========================================================================
Received Import Request.
  Time since last request: 72.838325 seconds.
  path: Assets/tilesets/plains.png
  artifactKey: Guid(6edaed1ede74bf74b91ae81ab6f133d5) Importer(815301076,1909f56bfc062723c751e8b465ee728b)
Start importing Assets/tilesets/plains.png using Guid(6edaed1ede74bf74b91ae81ab6f133d5) Importer(815301076,1909f56bfc062723c751e8b465ee728b)  -> (artifact id: 'b4d39278a9315adbb96e5d7282a9a346') in 0.009464 seconds 
  Import took 0.012277 seconds .

========================================================================
Received Import Request.
  Time since last request: 83.650397 seconds.
  path: Assets/tilesets/decor_8x8.png
  artifactKey: Guid(b69c0c350d4a39043bfb8d97f04e02c5) Importer(815301076,1909f56bfc062723c751e8b465ee728b)
Start importing Assets/tilesets/decor_8x8.png using Guid(b69c0c350d4a39043bfb8d97f04e02c5) Importer(815301076,1909f56bfc062723c751e8b465ee728b)  -> (artifact id: 'bfcda453092e11e9746f0736bc129455') in 0.006991 seconds 
  Import took 0.009768 seconds .

========================================================================
Received Import Request.
  Time since last request: 8.259222 seconds.
  path: Assets/tilesets/decor_8x8.png
  artifactKey: Guid(b69c0c350d4a39043bfb8d97f04e02c5) Importer(815301076,1909f56bfc062723c751e8b465ee728b)
Start importing Assets/tilesets/decor_8x8.png using Guid(b69c0c350d4a39043bfb8d97f04e02c5) Importer(815301076,1909f56bfc062723c751e8b465ee728b)  -> (artifact id: 'df05f043fe1705977e918ea6cd237766') in 0.033106 seconds 
  Import took 0.035833 seconds .

========================================================================
Received Import Request.
  Time since last request: 90.103525 seconds.
  path: Assets/tilesets/plains.png
  artifactKey: Guid(6edaed1ede74bf74b91ae81ab6f133d5) Importer(815301076,1909f56bfc062723c751e8b465ee728b)
Start importing Assets/tilesets/plains.png using Guid(6edaed1ede74bf74b91ae81ab6f133d5) Importer(815301076,1909f56bfc062723c751e8b465ee728b)  -> (artifact id: '0e2e5b5e0a7f92ccf8087d2c5915013e') in 0.008948 seconds 
  Import took 0.011726 seconds .

========================================================================
Received Import Request.
  Time since last request: 102.829883 seconds.
  path: Assets/tilesets/decor_16x16.png
  artifactKey: Guid(875dd3181cac0a64e9f0c7b88423f0db) Importer(815301076,1909f56bfc062723c751e8b465ee728b)
Start importing Assets/tilesets/decor_16x16.png using Guid(875dd3181cac0a64e9f0c7b88423f0db) Importer(815301076,1909f56bfc062723c751e8b465ee728b)  -> (artifact id: 'a612bc6d090b3c36822a55355a7fbaf3') in 0.005965 seconds 
  Import took 0.008577 seconds .

========================================================================
Received Import Request.
  Time since last request: 18.282800 seconds.
  path: Assets/tilesets/decor_16x16.png
  artifactKey: Guid(875dd3181cac0a64e9f0c7b88423f0db) Importer(815301076,1909f56bfc062723c751e8b465ee728b)
Start importing Assets/tilesets/decor_16x16.png using Guid(875dd3181cac0a64e9f0c7b88423f0db) Importer(815301076,1909f56bfc062723c751e8b465ee728b)  -> (artifact id: 'b6fd1441106c878a65fcf512bb5adc97') in 0.020469 seconds 
  Import took 0.023140 seconds .

========================================================================
Received Import Request.
  Time since last request: 19.513777 seconds.
  path: Assets/tilesets/water_decorations.png
  artifactKey: Guid(0f87e68d87a997f46af92defe68291a9) Importer(815301076,1909f56bfc062723c751e8b465ee728b)
Start importing Assets/tilesets/water_decorations.png using Guid(0f87e68d87a997f46af92defe68291a9) Importer(815301076,1909f56bfc062723c751e8b465ee728b)  -> (artifact id: 'b2c9d126e1189a3e89936d5f511f7f84') in 0.005881 seconds 
  Import took 0.008729 seconds .

AssetImportWorkerClient::OnTransportError - code=2 error=End of file
