Using pre-set license
Built from '2020.3/staging' branch; Version is '2020.3.25f1 (9b9180224418) revision 10195328'; Using compiler version '192528614'; Build Type 'Release'
OS: 'Windows 10  (10.0.19043) 64bit Professional' Language: 'zh' Physical Memory: 32716 MB
BatchMode: 1, IsHumanControllingUs: 0, StartBugReporterOnCrash: 0, Is64bit: 1, IsPro: 0

COMMAND LINE ARGUMENTS:
C:\Program Files\Unity\Hub\Editor\2020.3.25f1\Editor\Unity.exe
-adb2
-batchMode
-noUpm
-name
AssetImportWorker0
-projectPath
C:/Users/oohhk/OneDrive/桌面/1/web_game_01
-logFile
Logs/AssetImportWorker0.log
-srvPort
55291
Successfully changed project path to: C:/Users/oohhk/OneDrive/桌面/1/web_game_01
C:/Users/oohhk/OneDrive/桌面/1/web_game_01
Using Asset Import Pipeline V2.
Refreshing native plugins compatible for Editor in 52.33 ms, found 3 plugins.
Preloading 0 native plugins for Editor in 0.00 ms.
Initialize engine version: 2020.3.25f1 (9b9180224418)
[Subsystems] Discovering subsystems at path C:/Program Files/Unity/Hub/Editor/2020.3.25f1/Editor/Data/Resources/UnitySubsystems
[Subsystems] Discovering subsystems at path C:/Users/oohhk/OneDrive/桌面/1/web_game_01/Assets
GfxDevice: creating device client; threaded=0
Direct3D:
    Version:  Direct3D 11.0 [level 11.1]
    Renderer: NVIDIA GeForce RTX 3070 Ti (ID=0x2482)
    Vendor:   
    VRAM:     8041 MB
    Driver:   30.0.14.9709
Initialize mono
Mono path[0] = 'C:/Program Files/Unity/Hub/Editor/2020.3.25f1/Editor/Data/Managed'
Mono path[1] = 'C:/Program Files/Unity/Hub/Editor/2020.3.25f1/Editor/Data/MonoBleedingEdge/lib/mono/unityjit'
Mono config path = 'C:/Program Files/Unity/Hub/Editor/2020.3.25f1/Editor/Data/MonoBleedingEdge/etc'
Using monoOptions --debugger-agent=transport=dt_socket,embedding=1,server=y,suspend=n,address=127.0.0.1:56760
Begin MonoManager ReloadAssembly
Registering precompiled unity dll's ...
Register platform support module: C:/Program Files/Unity/Hub/Editor/2020.3.25f1/Editor/Data/PlaybackEngines/WebGLSupport/UnityEditor.WebGL.Extensions.dll
Register platform support module: C:/Program Files/Unity/Hub/Editor/2020.3.25f1/Editor/Data/PlaybackEngines/WindowsStandaloneSupport/UnityEditor.WindowsStandalone.Extensions.dll
Registered in 0.003199 seconds.
Native extension for WindowsStandalone target not found
Native extension for WebGL target not found
Refreshing native plugins compatible for Editor in 49.52 ms, found 3 plugins.
Preloading 0 native plugins for Editor in 0.00 ms.
Mono: successfully reloaded assembly
- Completed reload, in  0.616 seconds
Domain Reload Profiling:
	ReloadAssembly (617ms)
		BeginReloadAssembly (59ms)
			ExecutionOrderSort (0ms)
			DisableScriptedObjects (0ms)
			BackupInstance (0ms)
			ReleaseScriptingObjects (0ms)
			CreateAndSetChildDomain (1ms)
		EndReloadAssembly (475ms)
			LoadAssemblies (56ms)
			RebuildTransferFunctionScriptingTraits (0ms)
			SetupTypeCache (154ms)
			ReleaseScriptCaches (0ms)
			RebuildScriptCaches (29ms)
			SetupLoadedEditorAssemblies (183ms)
				LogAssemblyErrors (0ms)
				InitializePlatformSupportModulesInManaged (6ms)
				SetLoadedEditorAssemblies (0ms)
				RefreshPlugins (50ms)
				BeforeProcessingInitializeOnLoad (13ms)
				ProcessInitializeOnLoadAttributes (85ms)
				ProcessInitializeOnLoadMethodAttributes (29ms)
				AfterProcessingInitializeOnLoad (0ms)
				EditorAssembliesLoaded (0ms)
			ExecutionOrderSort2 (0ms)
			AwakeInstancesAfterBackupRestoration (0ms)
Platform modules already initialized, skipping
Registering precompiled user dll's ...
Registered in 0.006135 seconds.
Begin MonoManager ReloadAssembly
Native extension for WindowsStandalone target not found
Native extension for WebGL target not found
Refreshing native plugins compatible for Editor in 48.64 ms, found 3 plugins.
Preloading 0 native plugins for Editor in 0.00 ms.
Mono: successfully reloaded assembly
- Completed reload, in  1.202 seconds
Domain Reload Profiling:
	ReloadAssembly (1203ms)
		BeginReloadAssembly (151ms)
			ExecutionOrderSort (0ms)
			DisableScriptedObjects (5ms)
			BackupInstance (0ms)
			ReleaseScriptingObjects (0ms)
			CreateAndSetChildDomain (18ms)
		EndReloadAssembly (981ms)
			LoadAssemblies (101ms)
			RebuildTransferFunctionScriptingTraits (0ms)
			SetupTypeCache (314ms)
			ReleaseScriptCaches (1ms)
			RebuildScriptCaches (53ms)
			SetupLoadedEditorAssemblies (383ms)
				LogAssemblyErrors (0ms)
				InitializePlatformSupportModulesInManaged (5ms)
				SetLoadedEditorAssemblies (0ms)
				RefreshPlugins (49ms)
				BeforeProcessingInitializeOnLoad (88ms)
				ProcessInitializeOnLoadAttributes (214ms)
				ProcessInitializeOnLoadMethodAttributes (18ms)
				AfterProcessingInitializeOnLoad (9ms)
				EditorAssembliesLoaded (0ms)
			ExecutionOrderSort2 (0ms)
			AwakeInstancesAfterBackupRestoration (7ms)
Platform modules already initialized, skipping
========================================================================
Worker process is ready to serve import requests
Launched and connected shader compiler UnityShaderCompiler.exe after 0.06 seconds
Refreshing native plugins compatible for Editor in 0.53 ms, found 3 plugins.
Preloading 0 native plugins for Editor in 0.00 ms.
Unloading 2345 Unused Serialized files (Serialized files now loaded: 0)
System memory in use before: 101.0 MB.
System memory in use after: 101.2 MB.

Unloading 29 unused Assets to reduce memory usage. Loaded Objects now: 2779.
Total: 3.163700 ms (FindLiveObjects: 0.217200 ms CreateObjectMapping: 0.057300 ms MarkObjects: 2.829000 ms  DeleteObjects: 0.059200 ms)

AssetImportParameters requested are different than current active one (requested -> active):
  custom:framework-win-MediaFoundation: 216162199b28c13a410421893ffa2e32 -> 
  custom:video-decoder-ogg-theora: a1e56fd34408186e4bbccfd4996cb3dc -> 
  custom:container-muxer-webm: aa71ff27fc2769a1b78a27578f13a17b -> 
  custom:container-demuxer-webm: 4f35f7cbe854078d1ac9338744f61a02 -> 
  custom:container-demuxer-ogg: 62fdf1f143b41e24485cea50d1cbac27 -> 
  custom:video-encoder-webm-vp8: eb34c28f22e8b96e1ab97ce403110664 -> 
  custom:video-decoder-webm-vp8: 9c59270c3fd7afecdb556c50c9e8de78 -> 
  custom:audio-decoder-ogg-vorbis: bf7c407c2cedff20999df2af8eb42d56 -> 
  custom:audio-encoder-webm-vorbis: bf7c407c2cedff20999df2af8eb42d56 -> 
========================================================================
Received Import Request.
  path: Assets/Skeleton/Shield.png
  artifactKey: Guid(59ee123e4a06391439eb42359ea293db) Importer(815301076,1909f56bfc062723c751e8b465ee728b)
Start importing Assets/Skeleton/Shield.png using Guid(59ee123e4a06391439eb42359ea293db) Importer(815301076,1909f56bfc062723c751e8b465ee728b)  -> (artifact id: '9d7a4c73e490f7b2a694c610d4efe787') in 0.114454 seconds 
  Import took 0.118059 seconds .

========================================================================
Received Import Request.
  Time since last request: 0.000330 seconds.
  path: Assets/Skeleton/Idle.png
  artifactKey: Guid(54593735e4e7f9d46a47fb67b53f94ca) Importer(815301076,1909f56bfc062723c751e8b465ee728b)
Start importing Assets/Skeleton/Idle.png using Guid(54593735e4e7f9d46a47fb67b53f94ca) Importer(815301076,1909f56bfc062723c751e8b465ee728b)  -> (artifact id: '06c74cbfdbaadd75b6eb4440256ddee8') in 0.015529 seconds 
  Import took 0.019162 seconds .

========================================================================
Received Import Request.
  Time since last request: 0.000195 seconds.
  path: Assets/Skeleton/Attack.png
  artifactKey: Guid(5678bbdc546c0ae4c8e3535074876104) Importer(815301076,1909f56bfc062723c751e8b465ee728b)
Start importing Assets/Skeleton/Attack.png using Guid(5678bbdc546c0ae4c8e3535074876104) Importer(815301076,1909f56bfc062723c751e8b465ee728b)  -> (artifact id: '18391566a8e0740bed146be442cd7034') in 0.015725 seconds 
  Import took 0.019301 seconds .

========================================================================
Received Import Request.
  Time since last request: 8.633494 seconds.
  path: Assets/Skeleton/Walk.png
  artifactKey: Guid(53833f0cc15ab6b42abe0448c61c8a6e) Importer(815301076,1909f56bfc062723c751e8b465ee728b)
Start importing Assets/Skeleton/Walk.png using Guid(53833f0cc15ab6b42abe0448c61c8a6e) Importer(815301076,1909f56bfc062723c751e8b465ee728b)  -> (artifact id: 'f92486ff1442ad594b58548151709dc6') in 0.013557 seconds 
  Import took 0.017306 seconds .

========================================================================
Received Import Request.
  Time since last request: 44.413114 seconds.
  path: Assets/Skeleton/Walk.png
  artifactKey: Guid(53833f0cc15ab6b42abe0448c61c8a6e) Importer(815301076,1909f56bfc062723c751e8b465ee728b)
Start importing Assets/Skeleton/Walk.png using Guid(53833f0cc15ab6b42abe0448c61c8a6e) Importer(815301076,1909f56bfc062723c751e8b465ee728b)  -> (artifact id: '0d8a626969f147d1b5572ff788b3e74c') in 0.009011 seconds 
  Import took 0.012556 seconds .

========================================================================
Received Import Request.
  Time since last request: 40.293962 seconds.
  path: Assets/Skeleton
  artifactKey: Guid(6d69a98aec48b7b48afdd364a06b3a98) Importer(815301076,1909f56bfc062723c751e8b465ee728b)
Start importing Assets/Skeleton using Guid(6d69a98aec48b7b48afdd364a06b3a98) Importer(815301076,1909f56bfc062723c751e8b465ee728b)  -> (artifact id: '8a58228b68f20ae3d5c3ac3fbe2401b6') in 0.007095 seconds 
  Import took 0.010514 seconds .

========================================================================
Received Import Request.
  Time since last request: 220.748529 seconds.
  path: Assets/Skull
  artifactKey: Guid(db22678039e89984ca3a2a8f20728ac1) Importer(815301076,1909f56bfc062723c751e8b465ee728b)
Start importing Assets/Skull using Guid(db22678039e89984ca3a2a8f20728ac1) Importer(815301076,1909f56bfc062723c751e8b465ee728b)  -> (artifact id: '93070303b35f5be784e973ecbf391091') in 0.006629 seconds 
  Import took 0.010099 seconds .

========================================================================
Received Import Request.
  Time since last request: 1.026384 seconds.
  path: Assets/Skull/Bones_SingleSkull_Death.png
  artifactKey: Guid(04550d3425924ae458eeaa4b2b3346f3) Importer(815301076,1909f56bfc062723c751e8b465ee728b)
Start importing Assets/Skull/Bones_SingleSkull_Death.png using Guid(04550d3425924ae458eeaa4b2b3346f3) Importer(815301076,1909f56bfc062723c751e8b465ee728b)  -> (artifact id: '9da4893dbc88c79ead781985f7021b18') in 0.017551 seconds 
  Import took 0.021504 seconds .

========================================================================
Received Import Request.
  Time since last request: 0.823262 seconds.
  path: Assets/Skull/Bones_SingleSkull_Death_FX.png
  artifactKey: Guid(92849368abaae634cbe756e5f8812652) Importer(815301076,1909f56bfc062723c751e8b465ee728b)
Start importing Assets/Skull/Bones_SingleSkull_Death_FX.png using Guid(92849368abaae634cbe756e5f8812652) Importer(815301076,1909f56bfc062723c751e8b465ee728b)  -> (artifact id: '831e76829a6f076e6cc34aae2bb331d8') in 0.015609 seconds 
  Import took 0.019681 seconds .

========================================================================
Received Import Request.
  Time since last request: 0.328107 seconds.
  path: Assets/Skull/Bones_SingleSkull_Fly.png
  artifactKey: Guid(a15c796befbff214b9a8ba8aa778421b) Importer(815301076,1909f56bfc062723c751e8b465ee728b)
Start importing Assets/Skull/Bones_SingleSkull_Fly.png using Guid(a15c796befbff214b9a8ba8aa778421b) Importer(815301076,1909f56bfc062723c751e8b465ee728b)  -> (artifact id: 'acf986f667d1c0648de52223e695df74') in 0.023286 seconds 
  Import took 0.028349 seconds .

========================================================================
Received Import Request.
  Time since last request: 0.357407 seconds.
  path: Assets/Skull/Bones_SingleSkull_Full.png
  artifactKey: Guid(741f1366f308c264f9a48f834e0b2c73) Importer(815301076,1909f56bfc062723c751e8b465ee728b)
Start importing Assets/Skull/Bones_SingleSkull_Full.png using Guid(741f1366f308c264f9a48f834e0b2c73) Importer(815301076,1909f56bfc062723c751e8b465ee728b)  -> (artifact id: 'ce45155aae331e648d0ec20ce8342f55') in 0.016028 seconds 
  Import took 0.019507 seconds .

========================================================================
Received Import Request.
  Time since last request: 0.288459 seconds.
  path: Assets/Skull/Bones_SingleSkull_Full_FX.png
  artifactKey: Guid(b91afd5e23fe1384181c7e82e2b53921) Importer(815301076,1909f56bfc062723c751e8b465ee728b)
Start importing Assets/Skull/Bones_SingleSkull_Full_FX.png using Guid(b91afd5e23fe1384181c7e82e2b53921) Importer(815301076,1909f56bfc062723c751e8b465ee728b)  -> (artifact id: '7da71872db3eb2121bb7103b04fd08fa') in 0.016817 seconds 
  Import took 0.020361 seconds .

========================================================================
Received Import Request.
  Time since last request: 0.294812 seconds.
  path: Assets/Skull/Bones_SingleSkull_Hit.png
  artifactKey: Guid(7e5674f0e4b321a49b52ca0f707a0295) Importer(815301076,1909f56bfc062723c751e8b465ee728b)
Start importing Assets/Skull/Bones_SingleSkull_Hit.png using Guid(7e5674f0e4b321a49b52ca0f707a0295) Importer(815301076,1909f56bfc062723c751e8b465ee728b)  -> (artifact id: 'a4ad9c224a4f4a18fe53d982a6494f70') in 0.014421 seconds 
  Import took 0.017949 seconds .

========================================================================
Received Import Request.
  Time since last request: 0.334707 seconds.
  path: Assets/Skull/Bones_SingleSkull_Idle.png
  artifactKey: Guid(123616d8c314e4f448cbc11096f58857) Importer(815301076,1909f56bfc062723c751e8b465ee728b)
Start importing Assets/Skull/Bones_SingleSkull_Idle.png using Guid(123616d8c314e4f448cbc11096f58857) Importer(815301076,1909f56bfc062723c751e8b465ee728b)  -> (artifact id: '3d5f295edc4aba3c203dfb4a7c6b0b73') in 0.014745 seconds 
  Import took 0.018253 seconds .

========================================================================
Received Import Request.
  Time since last request: 9.596379 seconds.
  path: Assets/Skull/Bones_SingleSkull_Idle.png
  artifactKey: Guid(123616d8c314e4f448cbc11096f58857) Importer(815301076,1909f56bfc062723c751e8b465ee728b)
Start importing Assets/Skull/Bones_SingleSkull_Idle.png using Guid(123616d8c314e4f448cbc11096f58857) Importer(815301076,1909f56bfc062723c751e8b465ee728b)  -> (artifact id: '22a8b61f2e7b1e767a78f63720f3f410') in 0.009092 seconds 
  Import took 0.012700 seconds .

========================================================================
Received Import Request.
  Time since last request: 31.387141 seconds.
  path: Assets/Bat/Bat_Attack.png
  artifactKey: Guid(4cde5e04bca5c2949a8d5ae263087447) Importer(815301076,1909f56bfc062723c751e8b465ee728b)
Start importing Assets/Bat/Bat_Attack.png using Guid(4cde5e04bca5c2949a8d5ae263087447) Importer(815301076,1909f56bfc062723c751e8b465ee728b)  -> (artifact id: 'dbd2d26ec935c03a2859df0cc7b18f30') in 0.014179 seconds 
  Import took 0.017696 seconds .

========================================================================
Received Import Request.
  Time since last request: 1.659883 seconds.
  path: Assets/Bat/Bat_Attack_FX.png
  artifactKey: Guid(41357e5bb19390d43b1e34ff9ce3497b) Importer(815301076,1909f56bfc062723c751e8b465ee728b)
Start importing Assets/Bat/Bat_Attack_FX.png using Guid(41357e5bb19390d43b1e34ff9ce3497b) Importer(815301076,1909f56bfc062723c751e8b465ee728b)  -> (artifact id: '543a9568b582d6eae2b46b6adaa16558') in 0.013562 seconds 
  Import took 0.017036 seconds .

========================================================================
Received Import Request.
  Time since last request: 12.574781 seconds.
  path: Assets/Bat/Bat_Death_FX.png
  artifactKey: Guid(298681961c9ad544995cad2d92f2e02c) Importer(815301076,1909f56bfc062723c751e8b465ee728b)
Start importing Assets/Bat/Bat_Death_FX.png using Guid(298681961c9ad544995cad2d92f2e02c) Importer(815301076,1909f56bfc062723c751e8b465ee728b)  -> (artifact id: '4882a172b3d15bf44b0134e5c25fa77c') in 0.017073 seconds 
  Import took 0.021026 seconds .

========================================================================
Received Import Request.
  Time since last request: 1.969469 seconds.
  path: Assets/Bat/Bat_Full.png
  artifactKey: Guid(95cb2f356e62cdf4fb35870e6e165403) Importer(815301076,1909f56bfc062723c751e8b465ee728b)
Start importing Assets/Bat/Bat_Full.png using Guid(95cb2f356e62cdf4fb35870e6e165403) Importer(815301076,1909f56bfc062723c751e8b465ee728b)  -> (artifact id: '5d4aec01651678f61d9f7e623708e1ac') in 0.017289 seconds 
  Import took 0.020922 seconds .

========================================================================
Received Import Request.
  Time since last request: 1.916128 seconds.
  path: Assets/Bat/Bat_Fly.png
  artifactKey: Guid(127f0978f18888b41b8aa7fa5659b9a6) Importer(815301076,1909f56bfc062723c751e8b465ee728b)
Start importing Assets/Bat/Bat_Fly.png using Guid(127f0978f18888b41b8aa7fa5659b9a6) Importer(815301076,1909f56bfc062723c751e8b465ee728b)  -> (artifact id: '388580990c00ad74af66a8fc8d975bab') in 0.013923 seconds 
  Import took 0.017758 seconds .

========================================================================
Received Import Request.
  Time since last request: 2.287960 seconds.
  path: Assets/Bat/Bat_Hit.png
  artifactKey: Guid(a23d85082f981734d987c8b8b8093315) Importer(815301076,1909f56bfc062723c751e8b465ee728b)
Start importing Assets/Bat/Bat_Hit.png using Guid(a23d85082f981734d987c8b8b8093315) Importer(815301076,1909f56bfc062723c751e8b465ee728b)  -> (artifact id: 'aea014ce033b3a97d505e97830104d2d') in 0.014874 seconds 
  Import took 0.018381 seconds .

========================================================================
Received Import Request.
  Time since last request: 3.455571 seconds.
  path: Assets/Bat/BatComplete.gif
  artifactKey: Guid(73e57219d80affe4fbe81f2bcc626c7d) Importer(815301076,1909f56bfc062723c751e8b465ee728b)
Start importing Assets/Bat/BatComplete.gif using Guid(73e57219d80affe4fbe81f2bcc626c7d) Importer(815301076,1909f56bfc062723c751e8b465ee728b)  -> (artifact id: 'a983372445d91a81aee494d286b11d0f') in 0.033658 seconds 
  Import took 0.037072 seconds .

========================================================================
Received Import Request.
  Time since last request: 17.284901 seconds.
  path: Assets/Bat/Bat_Attack.png
  artifactKey: Guid(4cde5e04bca5c2949a8d5ae263087447) Importer(815301076,1909f56bfc062723c751e8b465ee728b)
Start importing Assets/Bat/Bat_Attack.png using Guid(4cde5e04bca5c2949a8d5ae263087447) Importer(815301076,1909f56bfc062723c751e8b465ee728b)  -> (artifact id: '9738d0a87d56089d37a33f27e6e824ff') in 0.009175 seconds 
  Import took 0.012667 seconds .

========================================================================
Received Import Request.
  Time since last request: 27.167431 seconds.
  path: Assets/Bat/Bat_Attack.png
  artifactKey: Guid(4cde5e04bca5c2949a8d5ae263087447) Importer(815301076,1909f56bfc062723c751e8b465ee728b)
Start importing Assets/Bat/Bat_Attack.png using Guid(4cde5e04bca5c2949a8d5ae263087447) Importer(815301076,1909f56bfc062723c751e8b465ee728b)  -> (artifact id: '3311d1d716cd3255539ab28a410d2b85') in 0.027110 seconds 
  Import took 0.030565 seconds .

========================================================================
Received Import Request.
  Time since last request: 7.129029 seconds.
  path: Assets/Bat/Bat_Attack.png
  artifactKey: Guid(4cde5e04bca5c2949a8d5ae263087447) Importer(815301076,1909f56bfc062723c751e8b465ee728b)
Start importing Assets/Bat/Bat_Attack.png using Guid(4cde5e04bca5c2949a8d5ae263087447) Importer(815301076,1909f56bfc062723c751e8b465ee728b)  -> (artifact id: 'a4aeeed194bff14418cd0159c9658b39') in 0.023893 seconds 
  Import took 0.027375 seconds .

========================================================================
Received Prepare
Registering precompiled user dll's ...
Registered in 0.005980 seconds.
Begin MonoManager ReloadAssembly
Native extension for WindowsStandalone target not found
Native extension for WebGL target not found
Refreshing native plugins compatible for Editor in 0.53 ms, found 3 plugins.
Preloading 0 native plugins for Editor in 0.00 ms.
Mono: successfully reloaded assembly
- Completed reload, in  1.100 seconds
Domain Reload Profiling:
	ReloadAssembly (1101ms)
		BeginReloadAssembly (120ms)
			ExecutionOrderSort (0ms)
			DisableScriptedObjects (7ms)
			BackupInstance (0ms)
			ReleaseScriptingObjects (0ms)
			CreateAndSetChildDomain (37ms)
		EndReloadAssembly (901ms)
			LoadAssemblies (99ms)
			RebuildTransferFunctionScriptingTraits (0ms)
			SetupTypeCache (313ms)
			ReleaseScriptCaches (1ms)
			RebuildScriptCaches (46ms)
			SetupLoadedEditorAssemblies (335ms)
				LogAssemblyErrors (0ms)
				InitializePlatformSupportModulesInManaged (6ms)
				SetLoadedEditorAssemblies (1ms)
				RefreshPlugins (1ms)
				BeforeProcessingInitializeOnLoad (106ms)
				ProcessInitializeOnLoadAttributes (201ms)
				ProcessInitializeOnLoadMethodAttributes (12ms)
				AfterProcessingInitializeOnLoad (9ms)
				EditorAssembliesLoaded (0ms)
			ExecutionOrderSort2 (0ms)
			AwakeInstancesAfterBackupRestoration (10ms)
Platform modules already initialized, skipping
Refreshing native plugins compatible for Editor in 0.52 ms, found 3 plugins.
Preloading 0 native plugins for Editor in 0.00 ms.
Unloading 2332 Unused Serialized files (Serialized files now loaded: 0)
System memory in use before: 103.3 MB.
System memory in use after: 103.5 MB.

Unloading 18 unused Assets to reduce memory usage. Loaded Objects now: 2803.
Total: 3.231100 ms (FindLiveObjects: 0.269900 ms CreateObjectMapping: 0.059700 ms MarkObjects: 2.882600 ms  DeleteObjects: 0.017200 ms)

AssetImportParameters requested are different than current active one (requested -> active):
  custom:framework-win-MediaFoundation: 216162199b28c13a410421893ffa2e32 -> 
  custom:video-decoder-ogg-theora: a1e56fd34408186e4bbccfd4996cb3dc -> 
  custom:container-muxer-webm: aa71ff27fc2769a1b78a27578f13a17b -> 
  custom:container-demuxer-webm: 4f35f7cbe854078d1ac9338744f61a02 -> 
  custom:container-demuxer-ogg: 62fdf1f143b41e24485cea50d1cbac27 -> 
  custom:video-encoder-webm-vp8: eb34c28f22e8b96e1ab97ce403110664 -> 
  custom:video-decoder-webm-vp8: 9c59270c3fd7afecdb556c50c9e8de78 -> 
  custom:audio-decoder-ogg-vorbis: bf7c407c2cedff20999df2af8eb42d56 -> 
  custom:audio-encoder-webm-vorbis: bf7c407c2cedff20999df2af8eb42d56 -> 
========================================================================
Received Import Request.
  Time since last request: 45.571765 seconds.
  path: Assets/Bat/Bat_Death.png
  artifactKey: Guid(518fe3857ccf7c44fb3d39734b9fb762) Importer(815301076,1909f56bfc062723c751e8b465ee728b)
Start importing Assets/Bat/Bat_Death.png using Guid(518fe3857ccf7c44fb3d39734b9fb762) Importer(815301076,1909f56bfc062723c751e8b465ee728b)  -> (artifact id: '478e04fdfb1177ba0100998030bbeb7c') in 0.056305 seconds 
  Import took 0.059980 seconds .

========================================================================
Received Import Request.
  Time since last request: 5.503149 seconds.
  path: Assets/Bat/Bat_Death.png
  artifactKey: Guid(518fe3857ccf7c44fb3d39734b9fb762) Importer(815301076,1909f56bfc062723c751e8b465ee728b)
Start importing Assets/Bat/Bat_Death.png using Guid(518fe3857ccf7c44fb3d39734b9fb762) Importer(815301076,1909f56bfc062723c751e8b465ee728b)  -> (artifact id: 'a68755a7556f4ecde08bb3e0c06081a7') in 0.009188 seconds 
  Import took 0.012743 seconds .

========================================================================
Received Import Request.
  Time since last request: 18.579794 seconds.
  path: Assets/Bat/Bat_Death.png
  artifactKey: Guid(518fe3857ccf7c44fb3d39734b9fb762) Importer(815301076,1909f56bfc062723c751e8b465ee728b)
Start importing Assets/Bat/Bat_Death.png using Guid(518fe3857ccf7c44fb3d39734b9fb762) Importer(815301076,1909f56bfc062723c751e8b465ee728b)  -> (artifact id: 'b08d9add19eab87928fa6ca426d576e5') in 0.035744 seconds 
  Import took 0.039243 seconds .

========================================================================
Received Prepare
Registering precompiled user dll's ...
Registered in 0.006435 seconds.
Begin MonoManager ReloadAssembly
Native extension for WindowsStandalone target not found
Native extension for WebGL target not found
Refreshing native plugins compatible for Editor in 0.72 ms, found 3 plugins.
Preloading 0 native plugins for Editor in 0.00 ms.
Mono: successfully reloaded assembly
- Completed reload, in  1.155 seconds
Domain Reload Profiling:
	ReloadAssembly (1156ms)
		BeginReloadAssembly (121ms)
			ExecutionOrderSort (0ms)
			DisableScriptedObjects (7ms)
			BackupInstance (0ms)
			ReleaseScriptingObjects (0ms)
			CreateAndSetChildDomain (38ms)
		EndReloadAssembly (962ms)
			LoadAssemblies (106ms)
			RebuildTransferFunctionScriptingTraits (0ms)
			SetupTypeCache (330ms)
			ReleaseScriptCaches (1ms)
			RebuildScriptCaches (50ms)
			SetupLoadedEditorAssemblies (359ms)
				LogAssemblyErrors (0ms)
				InitializePlatformSupportModulesInManaged (6ms)
				SetLoadedEditorAssemblies (2ms)
				RefreshPlugins (1ms)
				BeforeProcessingInitializeOnLoad (113ms)
				ProcessInitializeOnLoadAttributes (216ms)
				ProcessInitializeOnLoadMethodAttributes (12ms)
				AfterProcessingInitializeOnLoad (10ms)
				EditorAssembliesLoaded (0ms)
			ExecutionOrderSort2 (0ms)
			AwakeInstancesAfterBackupRestoration (10ms)
Platform modules already initialized, skipping
Refreshing native plugins compatible for Editor in 0.54 ms, found 3 plugins.
Preloading 0 native plugins for Editor in 0.00 ms.
Unloading 2332 Unused Serialized files (Serialized files now loaded: 0)
System memory in use before: 103.3 MB.
System memory in use after: 103.5 MB.

Unloading 18 unused Assets to reduce memory usage. Loaded Objects now: 2806.
Total: 3.814600 ms (FindLiveObjects: 0.273500 ms CreateObjectMapping: 0.060900 ms MarkObjects: 3.460200 ms  DeleteObjects: 0.018600 ms)

AssetImportParameters requested are different than current active one (requested -> active):
  custom:framework-win-MediaFoundation: 216162199b28c13a410421893ffa2e32 -> 
  custom:video-decoder-ogg-theora: a1e56fd34408186e4bbccfd4996cb3dc -> 
  custom:container-muxer-webm: aa71ff27fc2769a1b78a27578f13a17b -> 
  custom:container-demuxer-webm: 4f35f7cbe854078d1ac9338744f61a02 -> 
  custom:container-demuxer-ogg: 62fdf1f143b41e24485cea50d1cbac27 -> 
  custom:video-encoder-webm-vp8: eb34c28f22e8b96e1ab97ce403110664 -> 
  custom:video-decoder-webm-vp8: 9c59270c3fd7afecdb556c50c9e8de78 -> 
  custom:audio-decoder-ogg-vorbis: bf7c407c2cedff20999df2af8eb42d56 -> 
  custom:audio-encoder-webm-vorbis: bf7c407c2cedff20999df2af8eb42d56 -> 
========================================================================
Received Import Request.
  Time since last request: 42.905745 seconds.
  path: Assets/Bat/Bat_Fly.png
  artifactKey: Guid(127f0978f18888b41b8aa7fa5659b9a6) Importer(815301076,1909f56bfc062723c751e8b465ee728b)
Start importing Assets/Bat/Bat_Fly.png using Guid(127f0978f18888b41b8aa7fa5659b9a6) Importer(815301076,1909f56bfc062723c751e8b465ee728b)  -> (artifact id: 'cc13f33d7e6087da7abc5e5318bc1705') in 0.038900 seconds 
  Import took 0.042510 seconds .

========================================================================
Received Import Request.
  Time since last request: 16.943006 seconds.
  path: Assets/Bat/Bat_Fly.png
  artifactKey: Guid(127f0978f18888b41b8aa7fa5659b9a6) Importer(815301076,1909f56bfc062723c751e8b465ee728b)
Start importing Assets/Bat/Bat_Fly.png using Guid(127f0978f18888b41b8aa7fa5659b9a6) Importer(815301076,1909f56bfc062723c751e8b465ee728b)  -> (artifact id: '29929d0dd7d93138bfd445da56495c80') in 0.032808 seconds 
  Import took 0.036559 seconds .

========================================================================
Received Import Request.
  Time since last request: 92.889310 seconds.
  path: Assets/Bat
  artifactKey: Guid(df43d7858e283074e99b7b91e0b87faa) Importer(815301076,1909f56bfc062723c751e8b465ee728b)
Start importing Assets/Bat using Guid(df43d7858e283074e99b7b91e0b87faa) Importer(815301076,1909f56bfc062723c751e8b465ee728b)  -> (artifact id: 'cfb92c198ea8c12efdca9c7b276fdd9f') in 0.008195 seconds 
  Import took 0.011791 seconds .

========================================================================
Received Import Request.
  Time since last request: 8.562961 seconds.
  path: Assets/bat_atk.anim
  artifactKey: Guid(9cd30c574be3d444ab822d85f4f5d608) Importer(815301076,1909f56bfc062723c751e8b465ee728b)
Start importing Assets/bat_atk.anim using Guid(9cd30c574be3d444ab822d85f4f5d608) Importer(815301076,1909f56bfc062723c751e8b465ee728b)  -> (artifact id: '7da4e5155232ec74797ad7dcb9900434') in 0.011918 seconds 
  Import took 0.015408 seconds .

========================================================================
Received Import Request.
  Time since last request: 18.846433 seconds.
  path: Assets/Bat/動畫
  artifactKey: Guid(3cd16562e2514ce43a2342ce735257be) Importer(815301076,1909f56bfc062723c751e8b465ee728b)
Start importing Assets/Bat/動畫 using Guid(3cd16562e2514ce43a2342ce735257be) Importer(815301076,1909f56bfc062723c751e8b465ee728b)  -> (artifact id: '465ece14bec1147c657531729042455e') in 0.006955 seconds 
  Import took 0.010508 seconds .

========================================================================
Received Import Request.
  Time since last request: 8.189637 seconds.
  path: Assets/Bat/Bat_Attack_0.controller
  artifactKey: Guid(8ba78732e8189bd4d89008f1e37b44a3) Importer(815301076,1909f56bfc062723c751e8b465ee728b)
Start importing Assets/Bat/Bat_Attack_0.controller using Guid(8ba78732e8189bd4d89008f1e37b44a3) Importer(815301076,1909f56bfc062723c751e8b465ee728b)  -> (artifact id: 'afe80f740345bff4f8c2a8739d092b87') in 0.009932 seconds 
  Import took 0.013558 seconds .

========================================================================
Received Import Request.
  Time since last request: 6.101523 seconds.
  path: Assets/Bat/動畫/bat_death.anim
  artifactKey: Guid(a3381cfeea0591745b456d050def882e) Importer(815301076,1909f56bfc062723c751e8b465ee728b)
Start importing Assets/Bat/動畫/bat_death.anim using Guid(a3381cfeea0591745b456d050def882e) Importer(815301076,1909f56bfc062723c751e8b465ee728b)  -> (artifact id: '6d7a65aed6d5ea6c641267833a6ac906') in 0.007540 seconds 
  Import took 0.011121 seconds .

========================================================================
Received Import Request.
  Time since last request: 0.217785 seconds.
  path: Assets/Bat/動畫/Bat_Death_0.controller
  artifactKey: Guid(b31e7c79fc554b240aaafab7eae4ac69) Importer(815301076,1909f56bfc062723c751e8b465ee728b)
Start importing Assets/Bat/動畫/Bat_Death_0.controller using Guid(b31e7c79fc554b240aaafab7eae4ac69) Importer(815301076,1909f56bfc062723c751e8b465ee728b)  -> (artifact id: '0aae566a7cd85e2bf0882051a8609340') in 0.007346 seconds 
  Import took 0.011003 seconds .

========================================================================
Received Import Request.
  Time since last request: 0.265346 seconds.
  path: Assets/Bat/動畫/bat_fly.anim
  artifactKey: Guid(506e107d44db86b408738d4975d8591c) Importer(815301076,1909f56bfc062723c751e8b465ee728b)
Start importing Assets/Bat/動畫/bat_fly.anim using Guid(506e107d44db86b408738d4975d8591c) Importer(815301076,1909f56bfc062723c751e8b465ee728b)  -> (artifact id: '647eb56c22670c9f9c5b3697b4f8a28c') in 0.007478 seconds 
  Import took 0.010952 seconds .

========================================================================
Received Prepare
Registering precompiled user dll's ...
Registered in 0.006150 seconds.
Begin MonoManager ReloadAssembly
Native extension for WindowsStandalone target not found
Native extension for WebGL target not found
Refreshing native plugins compatible for Editor in 0.61 ms, found 3 plugins.
Preloading 0 native plugins for Editor in 0.00 ms.
Mono: successfully reloaded assembly
- Completed reload, in  1.099 seconds
Domain Reload Profiling:
	ReloadAssembly (1100ms)
		BeginReloadAssembly (115ms)
			ExecutionOrderSort (0ms)
			DisableScriptedObjects (7ms)
			BackupInstance (0ms)
			ReleaseScriptingObjects (0ms)
			CreateAndSetChildDomain (35ms)
		EndReloadAssembly (912ms)
			LoadAssemblies (101ms)
			RebuildTransferFunctionScriptingTraits (0ms)
			SetupTypeCache (307ms)
			ReleaseScriptCaches (1ms)
			RebuildScriptCaches (45ms)
			SetupLoadedEditorAssemblies (345ms)
				LogAssemblyErrors (0ms)
				InitializePlatformSupportModulesInManaged (7ms)
				SetLoadedEditorAssemblies (1ms)
				RefreshPlugins (1ms)
				BeforeProcessingInitializeOnLoad (111ms)
				ProcessInitializeOnLoadAttributes (205ms)
				ProcessInitializeOnLoadMethodAttributes (11ms)
				AfterProcessingInitializeOnLoad (9ms)
				EditorAssembliesLoaded (0ms)
			ExecutionOrderSort2 (0ms)
			AwakeInstancesAfterBackupRestoration (10ms)
Platform modules already initialized, skipping
Refreshing native plugins compatible for Editor in 0.52 ms, found 3 plugins.
Preloading 0 native plugins for Editor in 0.00 ms.
Unloading 2332 Unused Serialized files (Serialized files now loaded: 0)
System memory in use before: 103.4 MB.
System memory in use after: 103.6 MB.

Unloading 18 unused Assets to reduce memory usage. Loaded Objects now: 2809.
Total: 3.301800 ms (FindLiveObjects: 0.241800 ms CreateObjectMapping: 0.056500 ms MarkObjects: 2.984700 ms  DeleteObjects: 0.017000 ms)

AssetImportParameters requested are different than current active one (requested -> active):
  custom:framework-win-MediaFoundation: 216162199b28c13a410421893ffa2e32 -> 
  custom:video-decoder-ogg-theora: a1e56fd34408186e4bbccfd4996cb3dc -> 
  custom:container-muxer-webm: aa71ff27fc2769a1b78a27578f13a17b -> 
  custom:container-demuxer-webm: 4f35f7cbe854078d1ac9338744f61a02 -> 
  custom:container-demuxer-ogg: 62fdf1f143b41e24485cea50d1cbac27 -> 
  custom:video-encoder-webm-vp8: eb34c28f22e8b96e1ab97ce403110664 -> 
  custom:video-decoder-webm-vp8: 9c59270c3fd7afecdb556c50c9e8de78 -> 
  custom:audio-decoder-ogg-vorbis: bf7c407c2cedff20999df2af8eb42d56 -> 
  custom:audio-encoder-webm-vorbis: bf7c407c2cedff20999df2af8eb42d56 -> 
========================================================================
Received Import Request.
  Time since last request: 59.068406 seconds.
  path: Assets/Bat/動畫/bat.controller
  artifactKey: Guid(137c27490b995d245a639f897dc9ca21) Importer(815301076,1909f56bfc062723c751e8b465ee728b)
Start importing Assets/Bat/動畫/bat.controller using Guid(137c27490b995d245a639f897dc9ca21) Importer(815301076,1909f56bfc062723c751e8b465ee728b)  -> (artifact id: '07c68cafee2f1d32c16a6637786a803f') in 0.021110 seconds 
  Import took 0.024904 seconds .

========================================================================
Received Prepare
Registering precompiled user dll's ...
Registered in 0.006006 seconds.
Begin MonoManager ReloadAssembly
Native extension for WindowsStandalone target not found
Native extension for WebGL target not found
Refreshing native plugins compatible for Editor in 0.53 ms, found 3 plugins.
Preloading 0 native plugins for Editor in 0.00 ms.
Mono: successfully reloaded assembly
- Completed reload, in  1.092 seconds
Domain Reload Profiling:
	ReloadAssembly (1092ms)
		BeginReloadAssembly (117ms)
			ExecutionOrderSort (0ms)
			DisableScriptedObjects (7ms)
			BackupInstance (0ms)
			ReleaseScriptingObjects (0ms)
			CreateAndSetChildDomain (34ms)
		EndReloadAssembly (902ms)
			LoadAssemblies (103ms)
			RebuildTransferFunctionScriptingTraits (0ms)
			SetupTypeCache (310ms)
			ReleaseScriptCaches (1ms)
			RebuildScriptCaches (46ms)
			SetupLoadedEditorAssemblies (337ms)
				LogAssemblyErrors (0ms)
				InitializePlatformSupportModulesInManaged (6ms)
				SetLoadedEditorAssemblies (1ms)
				RefreshPlugins (1ms)
				BeforeProcessingInitializeOnLoad (105ms)
				ProcessInitializeOnLoadAttributes (204ms)
				ProcessInitializeOnLoadMethodAttributes (12ms)
				AfterProcessingInitializeOnLoad (9ms)
				EditorAssembliesLoaded (0ms)
			ExecutionOrderSort2 (0ms)
			AwakeInstancesAfterBackupRestoration (10ms)
Platform modules already initialized, skipping
Refreshing native plugins compatible for Editor in 0.55 ms, found 3 plugins.
Preloading 0 native plugins for Editor in 0.00 ms.
Unloading 2332 Unused Serialized files (Serialized files now loaded: 0)
System memory in use before: 103.4 MB.
System memory in use after: 103.6 MB.

Unloading 18 unused Assets to reduce memory usage. Loaded Objects now: 2811.
Total: 3.382200 ms (FindLiveObjects: 0.237800 ms CreateObjectMapping: 0.058000 ms MarkObjects: 3.066500 ms  DeleteObjects: 0.018500 ms)

AssetImportParameters requested are different than current active one (requested -> active):
  custom:framework-win-MediaFoundation: 216162199b28c13a410421893ffa2e32 -> 
  custom:video-decoder-ogg-theora: a1e56fd34408186e4bbccfd4996cb3dc -> 
  custom:container-muxer-webm: aa71ff27fc2769a1b78a27578f13a17b -> 
  custom:container-demuxer-webm: 4f35f7cbe854078d1ac9338744f61a02 -> 
  custom:container-demuxer-ogg: 62fdf1f143b41e24485cea50d1cbac27 -> 
  custom:video-encoder-webm-vp8: eb34c28f22e8b96e1ab97ce403110664 -> 
  custom:video-decoder-webm-vp8: 9c59270c3fd7afecdb556c50c9e8de78 -> 
  custom:audio-decoder-ogg-vorbis: bf7c407c2cedff20999df2af8eb42d56 -> 
  custom:audio-encoder-webm-vorbis: bf7c407c2cedff20999df2af8eb42d56 -> 
========================================================================
Received Import Request.
  Time since last request: 81.131426 seconds.
  path: Assets/Bat/動畫/Bat_Fly_0.controller
  artifactKey: Guid(f9ac9d801ba7dbf4fbdc23eb91fc8609) Importer(815301076,1909f56bfc062723c751e8b465ee728b)
Start importing Assets/Bat/動畫/Bat_Fly_0.controller using Guid(f9ac9d801ba7dbf4fbdc23eb91fc8609) Importer(815301076,1909f56bfc062723c751e8b465ee728b)  -> (artifact id: 'b1127837c73ff25cf2505b06e8f0f244') in 0.022022 seconds 
  Import took 0.025654 seconds .

========================================================================
Received Prepare
Registering precompiled user dll's ...
Registered in 0.005954 seconds.
Begin MonoManager ReloadAssembly
Native extension for WindowsStandalone target not found
Native extension for WebGL target not found
Refreshing native plugins compatible for Editor in 0.56 ms, found 3 plugins.
Preloading 0 native plugins for Editor in 0.00 ms.
Mono: successfully reloaded assembly
- Completed reload, in  1.086 seconds
Domain Reload Profiling:
	ReloadAssembly (1087ms)
		BeginReloadAssembly (114ms)
			ExecutionOrderSort (0ms)
			DisableScriptedObjects (7ms)
			BackupInstance (0ms)
			ReleaseScriptingObjects (0ms)
			CreateAndSetChildDomain (34ms)
		EndReloadAssembly (900ms)
			LoadAssemblies (99ms)
			RebuildTransferFunctionScriptingTraits (0ms)
			SetupTypeCache (310ms)
			ReleaseScriptCaches (1ms)
			RebuildScriptCaches (45ms)
			SetupLoadedEditorAssemblies (338ms)
				LogAssemblyErrors (0ms)
				InitializePlatformSupportModulesInManaged (6ms)
				SetLoadedEditorAssemblies (1ms)
				RefreshPlugins (1ms)
				BeforeProcessingInitializeOnLoad (104ms)
				ProcessInitializeOnLoadAttributes (205ms)
				ProcessInitializeOnLoadMethodAttributes (12ms)
				AfterProcessingInitializeOnLoad (9ms)
				EditorAssembliesLoaded (0ms)
			ExecutionOrderSort2 (0ms)
			AwakeInstancesAfterBackupRestoration (10ms)
Platform modules already initialized, skipping
Refreshing native plugins compatible for Editor in 0.54 ms, found 3 plugins.
Preloading 0 native plugins for Editor in 0.00 ms.
Unloading 2332 Unused Serialized files (Serialized files now loaded: 0)
System memory in use before: 103.3 MB.
System memory in use after: 103.5 MB.

Unloading 18 unused Assets to reduce memory usage. Loaded Objects now: 2813.
Total: 3.195600 ms (FindLiveObjects: 0.239600 ms CreateObjectMapping: 0.060200 ms MarkObjects: 2.878000 ms  DeleteObjects: 0.016300 ms)

AssetImportParameters requested are different than current active one (requested -> active):
  custom:framework-win-MediaFoundation: 216162199b28c13a410421893ffa2e32 -> 
  custom:video-decoder-ogg-theora: a1e56fd34408186e4bbccfd4996cb3dc -> 
  custom:container-muxer-webm: aa71ff27fc2769a1b78a27578f13a17b -> 
  custom:container-demuxer-webm: 4f35f7cbe854078d1ac9338744f61a02 -> 
  custom:container-demuxer-ogg: 62fdf1f143b41e24485cea50d1cbac27 -> 
  custom:video-encoder-webm-vp8: eb34c28f22e8b96e1ab97ce403110664 -> 
  custom:video-decoder-webm-vp8: 9c59270c3fd7afecdb556c50c9e8de78 -> 
  custom:audio-decoder-ogg-vorbis: bf7c407c2cedff20999df2af8eb42d56 -> 
  custom:audio-encoder-webm-vorbis: bf7c407c2cedff20999df2af8eb42d56 -> 
========================================================================
Received Prepare
Registering precompiled user dll's ...
Registered in 0.006223 seconds.
Begin MonoManager ReloadAssembly
Native extension for WindowsStandalone target not found
Native extension for WebGL target not found
Refreshing native plugins compatible for Editor in 0.54 ms, found 3 plugins.
Preloading 0 native plugins for Editor in 0.00 ms.
Mono: successfully reloaded assembly
- Completed reload, in  1.106 seconds
Domain Reload Profiling:
	ReloadAssembly (1106ms)
		BeginReloadAssembly (113ms)
			ExecutionOrderSort (0ms)
			DisableScriptedObjects (6ms)
			BackupInstance (0ms)
			ReleaseScriptingObjects (0ms)
			CreateAndSetChildDomain (34ms)
		EndReloadAssembly (922ms)
			LoadAssemblies (99ms)
			RebuildTransferFunctionScriptingTraits (0ms)
			SetupTypeCache (321ms)
			ReleaseScriptCaches (1ms)
			RebuildScriptCaches (46ms)
			SetupLoadedEditorAssemblies (347ms)
				LogAssemblyErrors (0ms)
				InitializePlatformSupportModulesInManaged (6ms)
				SetLoadedEditorAssemblies (1ms)
				RefreshPlugins (1ms)
				BeforeProcessingInitializeOnLoad (105ms)
				ProcessInitializeOnLoadAttributes (213ms)
				ProcessInitializeOnLoadMethodAttributes (11ms)
				AfterProcessingInitializeOnLoad (10ms)
				EditorAssembliesLoaded (0ms)
			ExecutionOrderSort2 (0ms)
			AwakeInstancesAfterBackupRestoration (9ms)
Platform modules already initialized, skipping
Refreshing native plugins compatible for Editor in 0.52 ms, found 3 plugins.
Preloading 0 native plugins for Editor in 0.00 ms.
Unloading 2332 Unused Serialized files (Serialized files now loaded: 0)
System memory in use before: 103.4 MB.
System memory in use after: 103.6 MB.

Unloading 18 unused Assets to reduce memory usage. Loaded Objects now: 2815.
Total: 3.538500 ms (FindLiveObjects: 0.286900 ms CreateObjectMapping: 0.079300 ms MarkObjects: 3.149400 ms  DeleteObjects: 0.021400 ms)

AssetImportParameters requested are different than current active one (requested -> active):
  custom:framework-win-MediaFoundation: 216162199b28c13a410421893ffa2e32 -> 
  custom:video-decoder-ogg-theora: a1e56fd34408186e4bbccfd4996cb3dc -> 
  custom:container-muxer-webm: aa71ff27fc2769a1b78a27578f13a17b -> 
  custom:container-demuxer-webm: 4f35f7cbe854078d1ac9338744f61a02 -> 
  custom:container-demuxer-ogg: 62fdf1f143b41e24485cea50d1cbac27 -> 
  custom:video-encoder-webm-vp8: eb34c28f22e8b96e1ab97ce403110664 -> 
  custom:video-decoder-webm-vp8: 9c59270c3fd7afecdb556c50c9e8de78 -> 
  custom:audio-decoder-ogg-vorbis: bf7c407c2cedff20999df2af8eb42d56 -> 
  custom:audio-encoder-webm-vorbis: bf7c407c2cedff20999df2af8eb42d56 -> 
========================================================================
Received Prepare
Registering precompiled user dll's ...
Registered in 0.006541 seconds.
Begin MonoManager ReloadAssembly
Native extension for WindowsStandalone target not found
Native extension for WebGL target not found
Refreshing native plugins compatible for Editor in 0.81 ms, found 3 plugins.
Preloading 0 native plugins for Editor in 0.00 ms.
Mono: successfully reloaded assembly
- Completed reload, in  1.120 seconds
Domain Reload Profiling:
	ReloadAssembly (1120ms)
		BeginReloadAssembly (112ms)
			ExecutionOrderSort (0ms)
			DisableScriptedObjects (6ms)
			BackupInstance (0ms)
			ReleaseScriptingObjects (0ms)
			CreateAndSetChildDomain (32ms)
		EndReloadAssembly (937ms)
			LoadAssemblies (101ms)
			RebuildTransferFunctionScriptingTraits (0ms)
			SetupTypeCache (315ms)
			ReleaseScriptCaches (1ms)
			RebuildScriptCaches (52ms)
			SetupLoadedEditorAssemblies (354ms)
				LogAssemblyErrors (0ms)
				InitializePlatformSupportModulesInManaged (6ms)
				SetLoadedEditorAssemblies (1ms)
				RefreshPlugins (1ms)
				BeforeProcessingInitializeOnLoad (108ms)
				ProcessInitializeOnLoadAttributes (215ms)
				ProcessInitializeOnLoadMethodAttributes (13ms)
				AfterProcessingInitializeOnLoad (10ms)
				EditorAssembliesLoaded (0ms)
			ExecutionOrderSort2 (0ms)
			AwakeInstancesAfterBackupRestoration (11ms)
Platform modules already initialized, skipping
Refreshing native plugins compatible for Editor in 0.64 ms, found 3 plugins.
Preloading 0 native plugins for Editor in 0.00 ms.
Unloading 2332 Unused Serialized files (Serialized files now loaded: 0)
System memory in use before: 103.4 MB.
System memory in use after: 103.6 MB.

Unloading 18 unused Assets to reduce memory usage. Loaded Objects now: 2817.
Total: 3.495700 ms (FindLiveObjects: 0.262500 ms CreateObjectMapping: 0.059100 ms MarkObjects: 3.151500 ms  DeleteObjects: 0.019200 ms)

AssetImportParameters requested are different than current active one (requested -> active):
  custom:framework-win-MediaFoundation: 216162199b28c13a410421893ffa2e32 -> 
  custom:video-decoder-ogg-theora: a1e56fd34408186e4bbccfd4996cb3dc -> 
  custom:container-muxer-webm: aa71ff27fc2769a1b78a27578f13a17b -> 
  custom:container-demuxer-webm: 4f35f7cbe854078d1ac9338744f61a02 -> 
  custom:container-demuxer-ogg: 62fdf1f143b41e24485cea50d1cbac27 -> 
  custom:video-encoder-webm-vp8: eb34c28f22e8b96e1ab97ce403110664 -> 
  custom:video-decoder-webm-vp8: 9c59270c3fd7afecdb556c50c9e8de78 -> 
  custom:audio-decoder-ogg-vorbis: bf7c407c2cedff20999df2af8eb42d56 -> 
  custom:audio-encoder-webm-vorbis: bf7c407c2cedff20999df2af8eb42d56 -> 
========================================================================
Received Import Request.
  Time since last request: 372.756782 seconds.
  path: Assets/Script/NewBehaviourScript.cs
  artifactKey: Guid(0f4dfcffe8d06104e8999bbdddb71440) Importer(815301076,1909f56bfc062723c751e8b465ee728b)
Start importing Assets/Script/NewBehaviourScript.cs using Guid(0f4dfcffe8d06104e8999bbdddb71440) Importer(815301076,1909f56bfc062723c751e8b465ee728b)  -> (artifact id: '2784b90fc20705d64e76df57abdcf653') in 0.017653 seconds 
  Import took 0.021258 seconds .

========================================================================
Received Prepare
Registering precompiled user dll's ...
Registered in 0.006060 seconds.
Begin MonoManager ReloadAssembly
Native extension for WindowsStandalone target not found
Native extension for WebGL target not found
Refreshing native plugins compatible for Editor in 0.55 ms, found 3 plugins.
Preloading 0 native plugins for Editor in 0.00 ms.
Mono: successfully reloaded assembly
- Completed reload, in  1.114 seconds
Domain Reload Profiling:
	ReloadAssembly (1115ms)
		BeginReloadAssembly (141ms)
			ExecutionOrderSort (0ms)
			DisableScriptedObjects (7ms)
			BackupInstance (0ms)
			ReleaseScriptingObjects (0ms)
			CreateAndSetChildDomain (47ms)
		EndReloadAssembly (898ms)
			LoadAssemblies (109ms)
			RebuildTransferFunctionScriptingTraits (0ms)
			SetupTypeCache (308ms)
			ReleaseScriptCaches (1ms)
			RebuildScriptCaches (47ms)
			SetupLoadedEditorAssemblies (336ms)
				LogAssemblyErrors (0ms)
				InitializePlatformSupportModulesInManaged (6ms)
				SetLoadedEditorAssemblies (1ms)
				RefreshPlugins (1ms)
				BeforeProcessingInitializeOnLoad (102ms)
				ProcessInitializeOnLoadAttributes (203ms)
				ProcessInitializeOnLoadMethodAttributes (13ms)
				AfterProcessingInitializeOnLoad (11ms)
				EditorAssembliesLoaded (0ms)
			ExecutionOrderSort2 (0ms)
			AwakeInstancesAfterBackupRestoration (10ms)
Platform modules already initialized, skipping
Refreshing native plugins compatible for Editor in 0.52 ms, found 3 plugins.
Preloading 0 native plugins for Editor in 0.00 ms.
Unloading 2332 Unused Serialized files (Serialized files now loaded: 0)
System memory in use before: 103.4 MB.
System memory in use after: 103.6 MB.

Unloading 18 unused Assets to reduce memory usage. Loaded Objects now: 2819.
Total: 3.208000 ms (FindLiveObjects: 0.226300 ms CreateObjectMapping: 0.056400 ms MarkObjects: 2.908300 ms  DeleteObjects: 0.015900 ms)

AssetImportParameters requested are different than current active one (requested -> active):
  custom:framework-win-MediaFoundation: 216162199b28c13a410421893ffa2e32 -> 
  custom:video-decoder-ogg-theora: a1e56fd34408186e4bbccfd4996cb3dc -> 
  custom:container-muxer-webm: aa71ff27fc2769a1b78a27578f13a17b -> 
  custom:container-demuxer-webm: 4f35f7cbe854078d1ac9338744f61a02 -> 
  custom:container-demuxer-ogg: 62fdf1f143b41e24485cea50d1cbac27 -> 
  custom:video-encoder-webm-vp8: eb34c28f22e8b96e1ab97ce403110664 -> 
  custom:video-decoder-webm-vp8: 9c59270c3fd7afecdb556c50c9e8de78 -> 
  custom:audio-decoder-ogg-vorbis: bf7c407c2cedff20999df2af8eb42d56 -> 
  custom:audio-encoder-webm-vorbis: bf7c407c2cedff20999df2af8eb42d56 -> 
========================================================================
Received Import Request.
  Time since last request: 15.323518 seconds.
  path: Assets/Script/DateEnemy.cs
  artifactKey: Guid(ac2c654d05f04da41bc2c68407b0eab8) Importer(815301076,1909f56bfc062723c751e8b465ee728b)
Start importing Assets/Script/DateEnemy.cs using Guid(ac2c654d05f04da41bc2c68407b0eab8) Importer(815301076,1909f56bfc062723c751e8b465ee728b)  -> (artifact id: '17ea76638fd38885b17295ac93bf50f2') in 0.011824 seconds 
  Import took 0.016132 seconds .

========================================================================
Received Prepare
Registering precompiled user dll's ...
Registered in 0.005848 seconds.
Begin MonoManager ReloadAssembly
Native extension for WindowsStandalone target not found
Native extension for WebGL target not found
Refreshing native plugins compatible for Editor in 0.63 ms, found 3 plugins.
Preloading 0 native plugins for Editor in 0.00 ms.
Mono: successfully reloaded assembly
- Completed reload, in  1.179 seconds
Domain Reload Profiling:
	ReloadAssembly (1180ms)
		BeginReloadAssembly (118ms)
			ExecutionOrderSort (0ms)
			DisableScriptedObjects (7ms)
			BackupInstance (0ms)
			ReleaseScriptingObjects (0ms)
			CreateAndSetChildDomain (34ms)
		EndReloadAssembly (988ms)
			LoadAssemblies (104ms)
			RebuildTransferFunctionScriptingTraits (0ms)
			SetupTypeCache (320ms)
			ReleaseScriptCaches (1ms)
			RebuildScriptCaches (49ms)
			SetupLoadedEditorAssemblies (390ms)
				LogAssemblyErrors (0ms)
				InitializePlatformSupportModulesInManaged (9ms)
				SetLoadedEditorAssemblies (1ms)
				RefreshPlugins (1ms)
				BeforeProcessingInitializeOnLoad (139ms)
				ProcessInitializeOnLoadAttributes (218ms)
				ProcessInitializeOnLoadMethodAttributes (12ms)
				AfterProcessingInitializeOnLoad (10ms)
				EditorAssembliesLoaded (0ms)
			ExecutionOrderSort2 (0ms)
			AwakeInstancesAfterBackupRestoration (11ms)
Platform modules already initialized, skipping
Refreshing native plugins compatible for Editor in 0.56 ms, found 3 plugins.
Preloading 0 native plugins for Editor in 0.00 ms.
Unloading 2333 Unused Serialized files (Serialized files now loaded: 0)
System memory in use before: 103.5 MB.
System memory in use after: 103.7 MB.

Unloading 18 unused Assets to reduce memory usage. Loaded Objects now: 2822.
Total: 3.423500 ms (FindLiveObjects: 0.242900 ms CreateObjectMapping: 0.058500 ms MarkObjects: 3.101100 ms  DeleteObjects: 0.019400 ms)

AssetImportParameters requested are different than current active one (requested -> active):
  custom:framework-win-MediaFoundation: 216162199b28c13a410421893ffa2e32 -> 
  custom:video-decoder-ogg-theora: a1e56fd34408186e4bbccfd4996cb3dc -> 
  custom:container-muxer-webm: aa71ff27fc2769a1b78a27578f13a17b -> 
  custom:container-demuxer-webm: 4f35f7cbe854078d1ac9338744f61a02 -> 
  custom:container-demuxer-ogg: 62fdf1f143b41e24485cea50d1cbac27 -> 
  custom:video-encoder-webm-vp8: eb34c28f22e8b96e1ab97ce403110664 -> 
  custom:video-decoder-webm-vp8: 9c59270c3fd7afecdb556c50c9e8de78 -> 
  custom:audio-decoder-ogg-vorbis: bf7c407c2cedff20999df2af8eb42d56 -> 
  custom:audio-encoder-webm-vorbis: bf7c407c2cedff20999df2af8eb42d56 -> 
========================================================================
Received Prepare
Registering precompiled user dll's ...
Registered in 0.006135 seconds.
Begin MonoManager ReloadAssembly
Native extension for WindowsStandalone target not found
Native extension for WebGL target not found
Refreshing native plugins compatible for Editor in 0.54 ms, found 3 plugins.
Preloading 0 native plugins for Editor in 0.00 ms.
Mono: successfully reloaded assembly
- Completed reload, in  1.101 seconds
Domain Reload Profiling:
	ReloadAssembly (1102ms)
		BeginReloadAssembly (121ms)
			ExecutionOrderSort (0ms)
			DisableScriptedObjects (9ms)
			BackupInstance (0ms)
			ReleaseScriptingObjects (0ms)
			CreateAndSetChildDomain (35ms)
		EndReloadAssembly (909ms)
			LoadAssemblies (101ms)
			RebuildTransferFunctionScriptingTraits (0ms)
			SetupTypeCache (312ms)
			ReleaseScriptCaches (1ms)
			RebuildScriptCaches (46ms)
			SetupLoadedEditorAssemblies (341ms)
				LogAssemblyErrors (0ms)
				InitializePlatformSupportModulesInManaged (6ms)
				SetLoadedEditorAssemblies (1ms)
				RefreshPlugins (1ms)
				BeforeProcessingInitializeOnLoad (106ms)
				ProcessInitializeOnLoadAttributes (207ms)
				ProcessInitializeOnLoadMethodAttributes (11ms)
				AfterProcessingInitializeOnLoad (9ms)
				EditorAssembliesLoaded (0ms)
			ExecutionOrderSort2 (0ms)
			AwakeInstancesAfterBackupRestoration (11ms)
Platform modules already initialized, skipping
Refreshing native plugins compatible for Editor in 0.52 ms, found 3 plugins.
Preloading 0 native plugins for Editor in 0.00 ms.
Unloading 2333 Unused Serialized files (Serialized files now loaded: 0)
System memory in use before: 103.4 MB.
System memory in use after: 103.6 MB.

Unloading 18 unused Assets to reduce memory usage. Loaded Objects now: 2824.
Total: 3.108600 ms (FindLiveObjects: 0.233100 ms CreateObjectMapping: 0.057200 ms MarkObjects: 2.798100 ms  DeleteObjects: 0.019000 ms)

AssetImportParameters requested are different than current active one (requested -> active):
  custom:framework-win-MediaFoundation: 216162199b28c13a410421893ffa2e32 -> 
  custom:video-decoder-ogg-theora: a1e56fd34408186e4bbccfd4996cb3dc -> 
  custom:container-muxer-webm: aa71ff27fc2769a1b78a27578f13a17b -> 
  custom:container-demuxer-webm: 4f35f7cbe854078d1ac9338744f61a02 -> 
  custom:container-demuxer-ogg: 62fdf1f143b41e24485cea50d1cbac27 -> 
  custom:video-encoder-webm-vp8: eb34c28f22e8b96e1ab97ce403110664 -> 
  custom:video-decoder-webm-vp8: 9c59270c3fd7afecdb556c50c9e8de78 -> 
  custom:audio-decoder-ogg-vorbis: bf7c407c2cedff20999df2af8eb42d56 -> 
  custom:audio-encoder-webm-vorbis: bf7c407c2cedff20999df2af8eb42d56 -> 
========================================================================
Received Import Request.
  Time since last request: 334.656873 seconds.
  path: Assets/Script/DateEnemy.cs
  artifactKey: Guid(ac2c654d05f04da41bc2c68407b0eab8) Importer(815301076,1909f56bfc062723c751e8b465ee728b)
Start importing Assets/Script/DateEnemy.cs using Guid(ac2c654d05f04da41bc2c68407b0eab8) Importer(815301076,1909f56bfc062723c751e8b465ee728b)  -> (artifact id: '5c98cfd17b4e624ab1daafa4c04da032') in 0.006563 seconds 
  Import took 0.009980 seconds .

========================================================================
Received Import Request.
  Time since last request: 46.300723 seconds.
  path: Assets
  artifactKey: Guid(00000000000000001000000000000000) Importer(815301076,1909f56bfc062723c751e8b465ee728b)
Start importing Assets using Guid(00000000000000001000000000000000) Importer(815301076,1909f56bfc062723c751e8b465ee728b)  -> (artifact id: '42d402b061de3733987d63b9cc3b64de') in 0.008045 seconds 
  Import took 0.011592 seconds .

========================================================================
Received Import Request.
  Time since last request: 7.378633 seconds.
  path: Assets/資料敵人
  artifactKey: Guid(b5e1d179b21f1c1478bfcc15ef6754a3) Importer(815301076,1909f56bfc062723c751e8b465ee728b)
Start importing Assets/資料敵人 using Guid(b5e1d179b21f1c1478bfcc15ef6754a3) Importer(815301076,1909f56bfc062723c751e8b465ee728b)  -> (artifact id: '355ddba1b98bb75d0a0875a2e06ef8ce') in 0.007835 seconds 
  Import took 0.011376 seconds .

========================================================================
Received Prepare
Registering precompiled user dll's ...
Registered in 0.006049 seconds.
Begin MonoManager ReloadAssembly
Native extension for WindowsStandalone target not found
Native extension for WebGL target not found
Refreshing native plugins compatible for Editor in 0.53 ms, found 3 plugins.
Preloading 0 native plugins for Editor in 0.00 ms.
Mono: successfully reloaded assembly
- Completed reload, in  1.081 seconds
Domain Reload Profiling:
	ReloadAssembly (1082ms)
		BeginReloadAssembly (119ms)
			ExecutionOrderSort (0ms)
			DisableScriptedObjects (7ms)
			BackupInstance (0ms)
			ReleaseScriptingObjects (0ms)
			CreateAndSetChildDomain (34ms)
		EndReloadAssembly (891ms)
			LoadAssemblies (102ms)
			RebuildTransferFunctionScriptingTraits (0ms)
			SetupTypeCache (299ms)
			ReleaseScriptCaches (1ms)
			RebuildScriptCaches (52ms)
			SetupLoadedEditorAssemblies (333ms)
				LogAssemblyErrors (0ms)
				InitializePlatformSupportModulesInManaged (6ms)
				SetLoadedEditorAssemblies (1ms)
				RefreshPlugins (1ms)
				BeforeProcessingInitializeOnLoad (103ms)
				ProcessInitializeOnLoadAttributes (201ms)
				ProcessInitializeOnLoadMethodAttributes (12ms)
				AfterProcessingInitializeOnLoad (9ms)
				EditorAssembliesLoaded (0ms)
			ExecutionOrderSort2 (0ms)
			AwakeInstancesAfterBackupRestoration (10ms)
Platform modules already initialized, skipping
Refreshing native plugins compatible for Editor in 0.53 ms, found 3 plugins.
Preloading 0 native plugins for Editor in 0.00 ms.
Unloading 2333 Unused Serialized files (Serialized files now loaded: 0)
System memory in use before: 103.5 MB.
System memory in use after: 103.7 MB.

Unloading 18 unused Assets to reduce memory usage. Loaded Objects now: 2826.
Total: 3.124100 ms (FindLiveObjects: 0.224800 ms CreateObjectMapping: 0.060200 ms MarkObjects: 2.823400 ms  DeleteObjects: 0.014700 ms)

AssetImportParameters requested are different than current active one (requested -> active):
  custom:framework-win-MediaFoundation: 216162199b28c13a410421893ffa2e32 -> 
  custom:video-decoder-ogg-theora: a1e56fd34408186e4bbccfd4996cb3dc -> 
  custom:container-muxer-webm: aa71ff27fc2769a1b78a27578f13a17b -> 
  custom:container-demuxer-webm: 4f35f7cbe854078d1ac9338744f61a02 -> 
  custom:container-demuxer-ogg: 62fdf1f143b41e24485cea50d1cbac27 -> 
  custom:video-encoder-webm-vp8: eb34c28f22e8b96e1ab97ce403110664 -> 
  custom:video-decoder-webm-vp8: 9c59270c3fd7afecdb556c50c9e8de78 -> 
  custom:audio-decoder-ogg-vorbis: bf7c407c2cedff20999df2af8eb42d56 -> 
  custom:audio-encoder-webm-vorbis: bf7c407c2cedff20999df2af8eb42d56 -> 
========================================================================
Received Import Request.
  Time since last request: 153.411660 seconds.
  path: Assets/資料敵人/蝙蝠.asset
  artifactKey: Guid(ecd9125f296587549969d563457ab4c1) Importer(815301076,1909f56bfc062723c751e8b465ee728b)
Start importing Assets/資料敵人/蝙蝠.asset using Guid(ecd9125f296587549969d563457ab4c1) Importer(815301076,1909f56bfc062723c751e8b465ee728b)  -> (artifact id: 'd7b5ead2988dee79d00ede8c1a71017e') in 0.024525 seconds 
  Import took 0.028331 seconds .

========================================================================
Received Import Request.
  Time since last request: 45.319761 seconds.
  path: Assets/Script/EnemySys.cs
  artifactKey: Guid(277c807b7db65224f863319137401a8b) Importer(815301076,1909f56bfc062723c751e8b465ee728b)
Start importing Assets/Script/EnemySys.cs using Guid(277c807b7db65224f863319137401a8b) Importer(815301076,1909f56bfc062723c751e8b465ee728b)  -> (artifact id: '652ed5ece1048a3cc15269d90c75c5fe') in 0.014676 seconds 
  Import took 0.020074 seconds .

========================================================================
Received Prepare
Registering precompiled user dll's ...
Registered in 0.005852 seconds.
Begin MonoManager ReloadAssembly
Native extension for WindowsStandalone target not found
Native extension for WebGL target not found
Refreshing native plugins compatible for Editor in 0.68 ms, found 3 plugins.
Preloading 0 native plugins for Editor in 0.00 ms.
Mono: successfully reloaded assembly
- Completed reload, in  1.189 seconds
Domain Reload Profiling:
	ReloadAssembly (1190ms)
		BeginReloadAssembly (115ms)
			ExecutionOrderSort (0ms)
			DisableScriptedObjects (6ms)
			BackupInstance (0ms)
			ReleaseScriptingObjects (0ms)
			CreateAndSetChildDomain (34ms)
		EndReloadAssembly (1001ms)
			LoadAssemblies (103ms)
			RebuildTransferFunctionScriptingTraits (0ms)
			SetupTypeCache (317ms)
			ReleaseScriptCaches (1ms)
			RebuildScriptCaches (51ms)
			SetupLoadedEditorAssemblies (411ms)
				LogAssemblyErrors (0ms)
				InitializePlatformSupportModulesInManaged (10ms)
				SetLoadedEditorAssemblies (2ms)
				RefreshPlugins (1ms)
				BeforeProcessingInitializeOnLoad (140ms)
				ProcessInitializeOnLoadAttributes (236ms)
				ProcessInitializeOnLoadMethodAttributes (11ms)
				AfterProcessingInitializeOnLoad (10ms)
				EditorAssembliesLoaded (0ms)
			ExecutionOrderSort2 (0ms)
			AwakeInstancesAfterBackupRestoration (10ms)
Platform modules already initialized, skipping
Refreshing native plugins compatible for Editor in 0.59 ms, found 3 plugins.
Preloading 0 native plugins for Editor in 0.00 ms.
Unloading 2334 Unused Serialized files (Serialized files now loaded: 0)
System memory in use before: 103.5 MB.
System memory in use after: 103.7 MB.

Unloading 18 unused Assets to reduce memory usage. Loaded Objects now: 2829.
Total: 3.741400 ms (FindLiveObjects: 0.305300 ms CreateObjectMapping: 0.064400 ms MarkObjects: 3.349100 ms  DeleteObjects: 0.020300 ms)

AssetImportParameters requested are different than current active one (requested -> active):
  custom:framework-win-MediaFoundation: 216162199b28c13a410421893ffa2e32 -> 
  custom:video-decoder-ogg-theora: a1e56fd34408186e4bbccfd4996cb3dc -> 
  custom:container-muxer-webm: aa71ff27fc2769a1b78a27578f13a17b -> 
  custom:container-demuxer-webm: 4f35f7cbe854078d1ac9338744f61a02 -> 
  custom:container-demuxer-ogg: 62fdf1f143b41e24485cea50d1cbac27 -> 
  custom:video-encoder-webm-vp8: eb34c28f22e8b96e1ab97ce403110664 -> 
  custom:video-decoder-webm-vp8: 9c59270c3fd7afecdb556c50c9e8de78 -> 
  custom:audio-decoder-ogg-vorbis: bf7c407c2cedff20999df2af8eb42d56 -> 
  custom:audio-encoder-webm-vorbis: bf7c407c2cedff20999df2af8eb42d56 -> 
========================================================================
Received Prepare
Registering precompiled user dll's ...
Registered in 0.005813 seconds.
Begin MonoManager ReloadAssembly
Native extension for WindowsStandalone target not found
Native extension for WebGL target not found
Refreshing native plugins compatible for Editor in 0.57 ms, found 3 plugins.
Preloading 0 native plugins for Editor in 0.00 ms.
Mono: successfully reloaded assembly
- Completed reload, in  1.091 seconds
Domain Reload Profiling:
	ReloadAssembly (1092ms)
		BeginReloadAssembly (119ms)
			ExecutionOrderSort (0ms)
			DisableScriptedObjects (6ms)
			BackupInstance (0ms)
			ReleaseScriptingObjects (0ms)
			CreateAndSetChildDomain (38ms)
		EndReloadAssembly (902ms)
			LoadAssemblies (99ms)
			RebuildTransferFunctionScriptingTraits (0ms)
			SetupTypeCache (303ms)
			ReleaseScriptCaches (1ms)
			RebuildScriptCaches (45ms)
			SetupLoadedEditorAssemblies (344ms)
				LogAssemblyErrors (0ms)
				InitializePlatformSupportModulesInManaged (6ms)
				SetLoadedEditorAssemblies (1ms)
				RefreshPlugins (1ms)
				BeforeProcessingInitializeOnLoad (109ms)
				ProcessInitializeOnLoadAttributes (207ms)
				ProcessInitializeOnLoadMethodAttributes (12ms)
				AfterProcessingInitializeOnLoad (9ms)
				EditorAssembliesLoaded (0ms)
			ExecutionOrderSort2 (0ms)
			AwakeInstancesAfterBackupRestoration (11ms)
Platform modules already initialized, skipping
Refreshing native plugins compatible for Editor in 0.58 ms, found 3 plugins.
Preloading 0 native plugins for Editor in 0.00 ms.
Unloading 2334 Unused Serialized files (Serialized files now loaded: 0)
System memory in use before: 103.5 MB.
System memory in use after: 103.7 MB.

Unloading 18 unused Assets to reduce memory usage. Loaded Objects now: 2831.
Total: 3.215700 ms (FindLiveObjects: 0.240100 ms CreateObjectMapping: 0.056700 ms MarkObjects: 2.901500 ms  DeleteObjects: 0.015900 ms)

AssetImportParameters requested are different than current active one (requested -> active):
  custom:framework-win-MediaFoundation: 216162199b28c13a410421893ffa2e32 -> 
  custom:video-decoder-ogg-theora: a1e56fd34408186e4bbccfd4996cb3dc -> 
  custom:container-muxer-webm: aa71ff27fc2769a1b78a27578f13a17b -> 
  custom:container-demuxer-webm: 4f35f7cbe854078d1ac9338744f61a02 -> 
  custom:container-demuxer-ogg: 62fdf1f143b41e24485cea50d1cbac27 -> 
  custom:video-encoder-webm-vp8: eb34c28f22e8b96e1ab97ce403110664 -> 
  custom:video-decoder-webm-vp8: 9c59270c3fd7afecdb556c50c9e8de78 -> 
  custom:audio-decoder-ogg-vorbis: bf7c407c2cedff20999df2af8eb42d56 -> 
  custom:audio-encoder-webm-vorbis: bf7c407c2cedff20999df2af8eb42d56 -> 
========================================================================
Received Import Request.
  Time since last request: 361.771905 seconds.
  path: Assets/Script/EnemySys.cs
  artifactKey: Guid(277c807b7db65224f863319137401a8b) Importer(815301076,1909f56bfc062723c751e8b465ee728b)
Start importing Assets/Script/EnemySys.cs using Guid(277c807b7db65224f863319137401a8b) Importer(815301076,1909f56bfc062723c751e8b465ee728b)  -> (artifact id: '4ed112611b430ed9c3be677eee7bdf54') in 0.006385 seconds 
  Import took 0.009850 seconds .

========================================================================
Received Prepare
Registering precompiled user dll's ...
Registered in 0.005865 seconds.
Begin MonoManager ReloadAssembly
Native extension for WindowsStandalone target not found
Native extension for WebGL target not found
Refreshing native plugins compatible for Editor in 0.60 ms, found 3 plugins.
Preloading 0 native plugins for Editor in 0.00 ms.
Mono: successfully reloaded assembly
- Completed reload, in  1.087 seconds
Domain Reload Profiling:
	ReloadAssembly (1088ms)
		BeginReloadAssembly (117ms)
			ExecutionOrderSort (0ms)
			DisableScriptedObjects (7ms)
			BackupInstance (0ms)
			ReleaseScriptingObjects (0ms)
			CreateAndSetChildDomain (36ms)
		EndReloadAssembly (895ms)
			LoadAssemblies (101ms)
			RebuildTransferFunctionScriptingTraits (0ms)
			SetupTypeCache (307ms)
			ReleaseScriptCaches (1ms)
			RebuildScriptCaches (45ms)
			SetupLoadedEditorAssemblies (333ms)
				LogAssemblyErrors (0ms)
				InitializePlatformSupportModulesInManaged (6ms)
				SetLoadedEditorAssemblies (1ms)
				RefreshPlugins (1ms)
				BeforeProcessingInitializeOnLoad (105ms)
				ProcessInitializeOnLoadAttributes (199ms)
				ProcessInitializeOnLoadMethodAttributes (12ms)
				AfterProcessingInitializeOnLoad (10ms)
				EditorAssembliesLoaded (0ms)
			ExecutionOrderSort2 (0ms)
			AwakeInstancesAfterBackupRestoration (10ms)
Platform modules already initialized, skipping
Refreshing native plugins compatible for Editor in 0.55 ms, found 3 plugins.
Preloading 0 native plugins for Editor in 0.00 ms.
Unloading 2334 Unused Serialized files (Serialized files now loaded: 0)
System memory in use before: 103.5 MB.
System memory in use after: 103.7 MB.

Unloading 18 unused Assets to reduce memory usage. Loaded Objects now: 2833.
Total: 3.520700 ms (FindLiveObjects: 0.182700 ms CreateObjectMapping: 0.056800 ms MarkObjects: 3.252100 ms  DeleteObjects: 0.027600 ms)

AssetImportParameters requested are different than current active one (requested -> active):
  custom:framework-win-MediaFoundation: 216162199b28c13a410421893ffa2e32 -> 
  custom:video-decoder-ogg-theora: a1e56fd34408186e4bbccfd4996cb3dc -> 
  custom:container-muxer-webm: aa71ff27fc2769a1b78a27578f13a17b -> 
  custom:container-demuxer-webm: 4f35f7cbe854078d1ac9338744f61a02 -> 
  custom:container-demuxer-ogg: 62fdf1f143b41e24485cea50d1cbac27 -> 
  custom:video-encoder-webm-vp8: eb34c28f22e8b96e1ab97ce403110664 -> 
  custom:video-decoder-webm-vp8: 9c59270c3fd7afecdb556c50c9e8de78 -> 
  custom:audio-decoder-ogg-vorbis: bf7c407c2cedff20999df2af8eb42d56 -> 
  custom:audio-encoder-webm-vorbis: bf7c407c2cedff20999df2af8eb42d56 -> 
========================================================================
Received Import Request.
  Time since last request: 197.102384 seconds.
  path: Assets/Script/EnemySys.cs
  artifactKey: Guid(277c807b7db65224f863319137401a8b) Importer(815301076,1909f56bfc062723c751e8b465ee728b)
Start importing Assets/Script/EnemySys.cs using Guid(277c807b7db65224f863319137401a8b) Importer(815301076,1909f56bfc062723c751e8b465ee728b)  -> (artifact id: 'bc4423108c1720df385720cbb912d03a') in 0.007162 seconds 
  Import took 0.010811 seconds .

========================================================================
Received Prepare
Registering precompiled user dll's ...
Registered in 0.022820 seconds.
Begin MonoManager ReloadAssembly
Native extension for WindowsStandalone target not found
Native extension for WebGL target not found
Refreshing native plugins compatible for Editor in 0.84 ms, found 3 plugins.
Preloading 0 native plugins for Editor in 0.00 ms.
Mono: successfully reloaded assembly
- Completed reload, in  1.648 seconds
Domain Reload Profiling:
	ReloadAssembly (1648ms)
		BeginReloadAssembly (200ms)
			ExecutionOrderSort (0ms)
			DisableScriptedObjects (10ms)
			BackupInstance (0ms)
			ReleaseScriptingObjects (0ms)
			CreateAndSetChildDomain (64ms)
		EndReloadAssembly (1310ms)
			LoadAssemblies (155ms)
			RebuildTransferFunctionScriptingTraits (0ms)
			SetupTypeCache (470ms)
			ReleaseScriptCaches (1ms)
			RebuildScriptCaches (76ms)
			SetupLoadedEditorAssemblies (455ms)
				LogAssemblyErrors (0ms)
				InitializePlatformSupportModulesInManaged (7ms)
				SetLoadedEditorAssemblies (1ms)
				RefreshPlugins (1ms)
				BeforeProcessingInitializeOnLoad (144ms)
				ProcessInitializeOnLoadAttributes (278ms)
				ProcessInitializeOnLoadMethodAttributes (13ms)
				AfterProcessingInitializeOnLoad (10ms)
				EditorAssembliesLoaded (0ms)
			ExecutionOrderSort2 (0ms)
			AwakeInstancesAfterBackupRestoration (16ms)
Platform modules already initialized, skipping
Refreshing native plugins compatible for Editor in 0.85 ms, found 3 plugins.
Preloading 0 native plugins for Editor in 0.00 ms.
Unloading 2334 Unused Serialized files (Serialized files now loaded: 0)
System memory in use before: 103.4 MB.
System memory in use after: 103.6 MB.

Unloading 18 unused Assets to reduce memory usage. Loaded Objects now: 2835.
Total: 5.145100 ms (FindLiveObjects: 0.381600 ms CreateObjectMapping: 0.113200 ms MarkObjects: 4.624700 ms  DeleteObjects: 0.024100 ms)

AssetImportParameters requested are different than current active one (requested -> active):
  custom:framework-win-MediaFoundation: 216162199b28c13a410421893ffa2e32 -> 
  custom:video-decoder-ogg-theora: a1e56fd34408186e4bbccfd4996cb3dc -> 
  custom:container-muxer-webm: aa71ff27fc2769a1b78a27578f13a17b -> 
  custom:container-demuxer-webm: 4f35f7cbe854078d1ac9338744f61a02 -> 
  custom:container-demuxer-ogg: 62fdf1f143b41e24485cea50d1cbac27 -> 
  custom:video-encoder-webm-vp8: eb34c28f22e8b96e1ab97ce403110664 -> 
  custom:video-decoder-webm-vp8: 9c59270c3fd7afecdb556c50c9e8de78 -> 
  custom:audio-decoder-ogg-vorbis: bf7c407c2cedff20999df2af8eb42d56 -> 
  custom:audio-encoder-webm-vorbis: bf7c407c2cedff20999df2af8eb42d56 -> 
AssetImportWorkerClient::OnTransportError - code=2 error=End of file
